<?xml version="1.0" encoding="UTF-8"?>
<<<<<<< HEAD
<testsuite name="com.mrb.digger.LoanTest" time="0.154" tests="1" errors="1" skipped="0" failures="0">
=======
<testsuite name="com.mrb.digger.LoanTest" time="24.338" tests="1" errors="0" skipped="0" failures="0">
>>>>>>> 3ef40c13aae5656805deed11932d394b41d8a762
  <properties>
    <property name="java.runtime.name" value="Java(TM) SE Runtime Environment"/>
    <property name="sun.boot.library.path" value="D:\Program Files\Java\jdk1.8.0_152\jre\bin"/>
    <property name="java.vm.version" value="25.152-b16"/>
    <property name="java.vm.vendor" value="Oracle Corporation"/>
    <property name="java.vendor.url" value="http://java.oracle.com/"/>
    <property name="path.separator" value=";"/>
    <property name="guice.disable.misplaced.annotation.check" value="true"/>
    <property name="java.vm.name" value="Java HotSpot(TM) 64-Bit Server VM"/>
    <property name="file.encoding.pkg" value="sun.io"/>
    <property name="user.script" value=""/>
    <property name="user.country" value="CN"/>
    <property name="sun.java.launcher" value="SUN_STANDARD"/>
    <property name="sun.os.patch.level" value=""/>
<<<<<<< HEAD
    <property name="test" value="com.mrb.digger.LoanTest#testTransaction"/>
=======
    <property name="test" value="com.mrb.digger.LoanTest#testLogin"/>
>>>>>>> 3ef40c13aae5656805deed11932d394b41d8a762
    <property name="java.vm.specification.name" value="Java Virtual Machine Specification"/>
    <property name="user.dir" value="D:\program\git\digger"/>
    <property name="java.runtime.version" value="1.8.0_152-b16"/>
    <property name="java.awt.graphicsenv" value="sun.awt.Win32GraphicsEnvironment"/>
    <property name="java.endorsed.dirs" value="D:\Program Files\Java\jdk1.8.0_152\jre\lib\endorsed"/>
    <property name="os.arch" value="amd64"/>
    <property name="java.io.tmpdir" value="C:\Users\31507\AppData\Local\Temp\"/>
    <property name="line.separator" value="&#10;"/>
    <property name="java.vm.specification.vendor" value="Oracle Corporation"/>
    <property name="user.variant" value=""/>
    <property name="os.name" value="Windows 10"/>
    <property name="maven.ext.class.path" value="D:\Program Files\NetBeans 8.2\java\maven-nblib\netbeans-eventspy.jar"/>
    <property name="classworlds.conf" value="D:\program\apache-maven-3.0.5\bin\m2.conf"/>
    <property name="sun.jnu.encoding" value="GBK"/>
    <property name="java.library.path" value="D:\Program Files\Java\jdk1.8.0_152\bin;C:\WINDOWS\Sun\Java\bin;C:\WINDOWS\system32;C:\WINDOWS;C:\ProgramData\Oracle\Java\javapath;C:\Program Files (x86)\Intel\iCLS Client\;C:\Program Files\Intel\iCLS Client\;C:\Windows\system32;C:\Windows;C:\Windows\System32\Wbem;C:\Windows\System32\WindowsPowerShell\v1.0\;C:\Program Files (x86)\Intel\Intel(R) Management Engine Components\DAL;C:\Program Files\Intel\Intel(R) Management Engine Components\DAL;C:\Program Files (x86)\Intel\Intel(R) Management Engine Components\IPT;C:\Program Files\Intel\Intel(R) Management Engine Components\IPT;C:\Program Files (x86)\NVIDIA Corporation\PhysX\Common;C:\Program Files\Intel\WiFi\bin\;C:\Program Files\Common Files\Intel\WirelessCommon\;D:\program\apache-maven-3.0.5\bin;D:\Program Files\Java\jdk1.8.0_152\bin;D:\Program Files\Java\jdk1.8.0_152\jre\bin;D:\Program Files\TortoiseSVN\bin;C:\WINDOWS\system32;C:\WINDOWS;C:\WINDOWS\System32\Wbem;C:\WINDOWS\System32\WindowsPowerShell\v1.0\;D:\program\glassfish4.1\glassfish\bin;D:\program\glassfish4.1\glassfish\lib;C:\Program Files\MySQL\MySQL Utilities 1.6\;C:\Program Files (x86)\Google\Chrome\Application;C:\Program Files\Git\cmd;C:\WINDOWS\System32\OpenSSH\;C:\Users\31507\AppData\Local\Microsoft\WindowsApps;;D:\Program Files\Fiddler;%USERPROFILE%\AppData\Local\Microsoft\WindowsApps;C:\Program Files\Docker Toolbox;."/>
    <property name="java.specification.name" value="Java Platform API Specification"/>
    <property name="java.class.version" value="52.0"/>
    <property name="sun.management.compiler" value="HotSpot 64-Bit Tiered Compilers"/>
    <property name="os.version" value="10.0"/>
<<<<<<< HEAD
    <property name="jpda.listen" value="true"/>
    <property name="library.jansi.path" value="E:\apache-maven-3.5.0\bin\..\lib\jansi-native\windows64"/>
    <property name="jpda.address" value="63168"/>
    <property name="user.home" value="C:\Users\MRB"/>
=======
    <property name="user.home" value="C:\Users\31507"/>
>>>>>>> 3ef40c13aae5656805deed11932d394b41d8a762
    <property name="user.timezone" value="Asia/Shanghai"/>
    <property name="java.awt.printerjob" value="sun.awt.windows.WPrinterJob"/>
    <property name="java.specification.version" value="1.8"/>
    <property name="file.encoding" value="UTF-8"/>
<<<<<<< HEAD
    <property name="user.name" value="MRB"/>
    <property name="java.class.path" value="E:\apache-maven-3.5.0\bin\..\boot\plexus-classworlds-2.5.2.jar"/>
    <property name="maven.surefire.debug" value="-Xdebug -Xrunjdwp:transport=dt_socket,server=n,address=63168"/>
    <property name="java.vm.specification.version" value="1.8"/>
    <property name="sun.arch.data.model" value="64"/>
    <property name="java.home" value="C:\Program Files\Java\jdk1.8.0_131\jre"/>
    <property name="sun.java.command" value="org.codehaus.plexus.classworlds.launcher.Launcher -Dtest=com.mrb.digger.LoanTest#testTransaction -DforkMode=once -Dmaven.surefire.debug=-Xdebug -Xrunjdwp:transport=dt_socket,server=n,address=63168 -Djpda.listen=true -Djpda.address=63168 -Dmaven.ext.class.path=C:\Program Files\NetBeans 8.2\java\maven-nblib\netbeans-eventspy.jar -Dfile.encoding=UTF-8 surefire:test"/>
=======
    <property name="user.name" value="31507"/>
    <property name="java.class.path" value="D:\program\apache-maven-3.0.5\boot\plexus-classworlds-2.4.jar"/>
    <property name="java.vm.specification.version" value="1.8"/>
    <property name="sun.arch.data.model" value="64"/>
    <property name="java.home" value="D:\Program Files\Java\jdk1.8.0_152\jre"/>
    <property name="sun.java.command" value="org.codehaus.plexus.classworlds.launcher.Launcher -Dtest=com.mrb.digger.LoanTest#testLogin -Dmaven.ext.class.path=D:\Program Files\NetBeans 8.2\java\maven-nblib\netbeans-eventspy.jar -Dfile.encoding=UTF-8 surefire:test"/>
>>>>>>> 3ef40c13aae5656805deed11932d394b41d8a762
    <property name="java.specification.vendor" value="Oracle Corporation"/>
    <property name="user.language" value="zh"/>
    <property name="awt.toolkit" value="sun.awt.windows.WToolkit"/>
    <property name="java.vm.info" value="mixed mode"/>
    <property name="java.version" value="1.8.0_152"/>
    <property name="java.ext.dirs" value="D:\Program Files\Java\jdk1.8.0_152\jre\lib\ext;C:\WINDOWS\Sun\Java\lib\ext"/>
    <property name="sun.boot.class.path" value="D:\Program Files\Java\jdk1.8.0_152\jre\lib\resources.jar;D:\Program Files\Java\jdk1.8.0_152\jre\lib\rt.jar;D:\Program Files\Java\jdk1.8.0_152\jre\lib\sunrsasign.jar;D:\Program Files\Java\jdk1.8.0_152\jre\lib\jsse.jar;D:\Program Files\Java\jdk1.8.0_152\jre\lib\jce.jar;D:\Program Files\Java\jdk1.8.0_152\jre\lib\charsets.jar;D:\Program Files\Java\jdk1.8.0_152\jre\lib\jfr.jar;D:\Program Files\Java\jdk1.8.0_152\jre\classes"/>
    <property name="java.vendor" value="Oracle Corporation"/>
    <property name="maven.home" value="D:\program\apache-maven-3.0.5"/>
    <property name="file.separator" value="\"/>
    <property name="java.vendor.url.bug" value="http://bugreport.sun.com/bugreport/"/>
    <property name="sun.cpu.endian" value="little"/>
    <property name="sun.io.unicode.encoding" value="UnicodeLittle"/>
    <property name="sun.desktop" value="windows"/>
    <property name="sun.cpu.isalist" value="amd64"/>
  </properties>
<<<<<<< HEAD
  <testcase name="testTransaction" classname="com.mrb.digger.LoanTest" time="0.154">
    <error message="could not execute statement; SQL [n/a]; constraint [uin_index]; nested exception is org.hibernate.exception.ConstraintViolationException: could not execute statement" type="org.springframework.dao.DataIntegrityViolationException"><![CDATA[org.springframework.dao.DataIntegrityViolationException: could not execute statement; SQL [n/a]; constraint [uin_index]; nested exception is org.hibernate.exception.ConstraintViolationException: could not execute statement
	at sun.reflect.NativeConstructorAccessorImpl.newInstance0(Native Method)
	at sun.reflect.NativeConstructorAccessorImpl.newInstance(NativeConstructorAccessorImpl.java:62)
	at sun.reflect.DelegatingConstructorAccessorImpl.newInstance(DelegatingConstructorAccessorImpl.java:45)
	at java.lang.reflect.Constructor.newInstance(Constructor.java:423)
	at com.mysql.jdbc.Util.handleNewInstance(Util.java:425)
	at com.mysql.jdbc.Util.getInstance(Util.java:408)
	at com.mysql.jdbc.SQLError.createSQLException(SQLError.java:935)
	at com.mysql.jdbc.MysqlIO.checkErrorPacket(MysqlIO.java:3973)
	at com.mysql.jdbc.MysqlIO.checkErrorPacket(MysqlIO.java:3909)
	at com.mysql.jdbc.MysqlIO.sendCommand(MysqlIO.java:2527)
	at com.mysql.jdbc.MysqlIO.sqlQueryDirect(MysqlIO.java:2680)
	at com.mysql.jdbc.ConnectionImpl.execSQL(ConnectionImpl.java:2487)
	at com.mysql.jdbc.PreparedStatement.executeInternal(PreparedStatement.java:1858)
	at com.mysql.jdbc.PreparedStatement.executeUpdateInternal(PreparedStatement.java:2079)
	at com.mysql.jdbc.PreparedStatement.executeUpdateInternal(PreparedStatement.java:2013)
	at com.mysql.jdbc.PreparedStatement.executeLargeUpdate(PreparedStatement.java:5104)
	at com.mysql.jdbc.PreparedStatement.executeUpdate(PreparedStatement.java:1998)
	at sun.reflect.NativeMethodAccessorImpl.invoke0(Native Method)
	at sun.reflect.NativeMethodAccessorImpl.invoke(NativeMethodAccessorImpl.java:62)
	at sun.reflect.DelegatingMethodAccessorImpl.invoke(DelegatingMethodAccessorImpl.java:43)
	at java.lang.reflect.Method.invoke(Method.java:498)
	at org.apache.tomcat.jdbc.pool.StatementFacade$StatementProxy.invoke(StatementFacade.java:114)
	at com.sun.proxy.$Proxy98.executeUpdate(Unknown Source)
	at org.hibernate.engine.jdbc.internal.ResultSetReturnImpl.executeUpdate(ResultSetReturnImpl.java:204)
	at org.hibernate.engine.jdbc.batch.internal.NonBatchingBatch.addToBatch(NonBatchingBatch.java:45)
	at org.hibernate.persister.entity.AbstractEntityPersister.insert(AbstractEntityPersister.java:2949)
	at org.hibernate.persister.entity.AbstractEntityPersister.insert(AbstractEntityPersister.java:3449)
	at org.hibernate.action.internal.EntityInsertAction.execute(EntityInsertAction.java:89)
	at org.hibernate.engine.spi.ActionQueue.executeActions(ActionQueue.java:582)
	at org.hibernate.engine.spi.ActionQueue.executeActions(ActionQueue.java:456)
	at org.hibernate.event.internal.AbstractFlushingEventListener.performExecutions(AbstractFlushingEventListener.java:337)
	at org.hibernate.event.internal.DefaultFlushEventListener.onFlush(DefaultFlushEventListener.java:39)
	at org.hibernate.internal.SessionImpl.flush(SessionImpl.java:1282)
	at org.hibernate.internal.SessionImpl.managedFlush(SessionImpl.java:465)
	at org.hibernate.internal.SessionImpl.flushBeforeTransactionCompletion(SessionImpl.java:2963)
	at org.hibernate.internal.SessionImpl.beforeTransactionCompletion(SessionImpl.java:2339)
	at org.hibernate.engine.jdbc.internal.JdbcCoordinatorImpl.beforeTransactionCompletion(JdbcCoordinatorImpl.java:485)
	at org.hibernate.resource.transaction.backend.jdbc.internal.JdbcResourceLocalTransactionCoordinatorImpl.beforeCompletionCallback(JdbcResourceLocalTransactionCoordinatorImpl.java:147)
	at org.hibernate.resource.transaction.backend.jdbc.internal.JdbcResourceLocalTransactionCoordinatorImpl.access$100(JdbcResourceLocalTransactionCoordinatorImpl.java:38)
	at org.hibernate.resource.transaction.backend.jdbc.internal.JdbcResourceLocalTransactionCoordinatorImpl$TransactionDriverControlImpl.commit(JdbcResourceLocalTransactionCoordinatorImpl.java:231)
	at org.hibernate.engine.transaction.internal.TransactionImpl.commit(TransactionImpl.java:65)
	at org.hibernate.jpa.internal.TransactionImpl.commit(TransactionImpl.java:61)
	at org.springframework.orm.jpa.JpaTransactionManager.doCommit(JpaTransactionManager.java:517)
	at org.springframework.transaction.support.AbstractPlatformTransactionManager.processCommit(AbstractPlatformTransactionManager.java:761)
	at org.springframework.transaction.support.AbstractPlatformTransactionManager.commit(AbstractPlatformTransactionManager.java:730)
	at org.springframework.transaction.interceptor.TransactionAspectSupport.commitTransactionAfterReturning(TransactionAspectSupport.java:518)
	at org.springframework.transaction.interceptor.TransactionAspectSupport.invokeWithinTransaction(TransactionAspectSupport.java:292)
	at org.springframework.transaction.interceptor.TransactionInterceptor.invoke(TransactionInterceptor.java:96)
	at org.springframework.aop.framework.ReflectiveMethodInvocation.proceed(ReflectiveMethodInvocation.java:179)
	at org.springframework.aop.framework.CglibAopProxy$DynamicAdvisedInterceptor.intercept(CglibAopProxy.java:673)
	at com.mrb.digger.service.impl.LoginServiceImpl$$EnhancerBySpringCGLIB$$98d31b60.doubleTransaction(<generated>)
	at com.mrb.digger.LoanTest.testTransaction(LoanTest.java:111)
]]></error>
    <system-out><![CDATA[22:32:51.460 [main] DEBUG org.springframework.test.context.junit4.SpringJUnit4ClassRunner - SpringJUnit4ClassRunner constructor called with [class com.mrb.digger.LoanTest]
22:32:51.492 [main] DEBUG org.springframework.test.context.BootstrapUtils - Instantiating CacheAwareContextLoaderDelegate from class [org.springframework.test.context.cache.DefaultCacheAwareContextLoaderDelegate]
22:32:51.500 [main] DEBUG org.springframework.test.context.BootstrapUtils - Instantiating BootstrapContext using constructor [public org.springframework.test.context.support.DefaultBootstrapContext(java.lang.Class,org.springframework.test.context.CacheAwareContextLoaderDelegate)]
22:32:51.521 [main] DEBUG org.springframework.test.context.BootstrapUtils - Instantiating TestContextBootstrapper for test class [com.mrb.digger.LoanTest] from class [org.springframework.boot.test.context.SpringBootTestContextBootstrapper]
22:32:51.536 [main] INFO org.springframework.boot.test.context.SpringBootTestContextBootstrapper - Neither @ContextConfiguration nor @ContextHierarchy found for test class [com.mrb.digger.LoanTest], using SpringBootContextLoader
22:32:51.541 [main] DEBUG org.springframework.test.context.support.AbstractContextLoader - Did not detect default resource location for test class [com.mrb.digger.LoanTest]: class path resource [com/mrb/digger/LoanTest-context.xml] does not exist
22:32:51.541 [main] DEBUG org.springframework.test.context.support.AbstractContextLoader - Did not detect default resource location for test class [com.mrb.digger.LoanTest]: class path resource [com/mrb/digger/LoanTestContext.groovy] does not exist
22:32:51.541 [main] INFO org.springframework.test.context.support.AbstractContextLoader - Could not detect default resource locations for test class [com.mrb.digger.LoanTest]: no resource found for suffixes {-context.xml, Context.groovy}.
22:32:51.543 [main] INFO org.springframework.test.context.support.AnnotationConfigContextLoaderUtils - Could not detect default configuration classes for test class [com.mrb.digger.LoanTest]: LoanTest does not declare any static, non-private, non-final, nested classes annotated with @Configuration.
22:32:51.588 [main] DEBUG org.springframework.test.context.support.ActiveProfilesUtils - Could not find an 'annotation declaring class' for annotation type [org.springframework.test.context.ActiveProfiles] and class [com.mrb.digger.LoanTest]
22:32:51.596 [main] DEBUG org.springframework.core.env.StandardEnvironment - Adding PropertySource 'systemProperties' with lowest search precedence
22:32:51.597 [main] DEBUG org.springframework.core.env.StandardEnvironment - Adding PropertySource 'systemEnvironment' with lowest search precedence
22:32:51.597 [main] DEBUG org.springframework.core.env.StandardEnvironment - Initialized StandardEnvironment with PropertySources [MapPropertySource@1427381743 {name='systemProperties', properties={java.runtime.name=Java(TM) SE Runtime Environment, sun.boot.library.path=C:\Program Files\Java\jdk1.8.0_131\jre\bin, java.vm.version=25.131-b11, java.vm.vendor=Oracle Corporation, java.vendor.url=http://java.oracle.com/, path.separator=;, java.vm.name=Java HotSpot(TM) 64-Bit Server VM, file.encoding.pkg=sun.io, user.country=CN, user.script=, sun.java.launcher=SUN_STANDARD, sun.os.patch.level=, test=com.mrb.digger.LoanTest#testTransaction, java.vm.specification.name=Java Virtual Machine Specification, user.dir=F:\github\digger, java.runtime.version=1.8.0_131-b11, basedir=F:\github\digger, java.awt.graphicsenv=sun.awt.Win32GraphicsEnvironment, java.endorsed.dirs=C:\Program Files\Java\jdk1.8.0_131\jre\lib\endorsed, os.arch=amd64, surefire.real.class.path=F:\github\digger\target\surefire\surefirebooter7785238724491486682.jar, java.io.tmpdir=C:\Users\MRB\AppData\Local\Temp\, line.separator=
, java.vm.specification.vendor=Oracle Corporation, user.variant=, os.name=Windows 10, maven.ext.class.path=C:\Program Files\NetBeans 8.2\java\maven-nblib\netbeans-eventspy.jar, sun.jnu.encoding=GBK, java.library.path=C:\Program Files\Java\jdk1.8.0_131\jre\bin;C:\WINDOWS\Sun\Java\bin;C:\WINDOWS\system32;C:\WINDOWS;C:\ProgramData\Oracle\Java\javapath;C:\Program Files\Java\jdk1.8.0_131/bin;E:\apache-maven-3.5.0/bin;C:\Program Files (x86)\Intel\iCLS Client\;C:\Program Files\Intel\iCLS Client\;C:\Windows\system32;C:\Windows;C:\Windows\System32\Wbem;C:\Windows\System32\WindowsPowerShell\v1.0\;C:\Program Files (x86)\NVIDIA Corporation\PhysX\Common;C:\Program Files (x86)\Intel\Intel(R) Management Engine Components\DAL;C:\Program Files\Intel\Intel(R) Management Engine Components\DAL;C:\Program Files (x86)\Intel\Intel(R) Management Engine Components\IPT;C:\Program Files\Intel\Intel(R) Management Engine Components\IPT;C:\Program Files\TortoiseSVN\bin;C:\WINDOWS\system32;C:\WINDOWS;C:\WINDOWS\System32\Wbem;C:\WINDOWS\System32\WindowsPowerShell\v1.0\;E:\zookeeper\zookeeper-3.4.11\bin;E:\zookeeper\zookeeper-3.4.11\conf;E:\apache-tomcat-7.0.79\bin;E:\apache-tomcat-7.0.79\lib;E:\glassfish4\glassfish\bin;E:\glassfish4\glassfish\lib;C:\Program Files\nodejs\;C:\Program Files\MySQL\MySQL Utilities 1.6\;C:\Program Files\Git\cmd;C:\Users\MRB\AppData\Local\Microsoft\WindowsApps;C:\Users\MRB\AppData\Roaming\npm;., surefire.test.class.path=F:\github\digger\target\test-classes;F:\github\digger\target\classes;E:\repository\org\springframework\boot\spring-boot-starter-data-jpa\1.5.9.RELEASE\spring-boot-starter-data-jpa-1.5.9.RELEASE.jar;E:\repository\org\springframework\boot\spring-boot-starter\1.5.9.RELEASE\spring-boot-starter-1.5.9.RELEASE.jar;E:\repository\org\springframework\boot\spring-boot\1.5.9.RELEASE\spring-boot-1.5.9.RELEASE.jar;E:\repository\org\springframework\boot\spring-boot-autoconfigure\1.5.9.RELEASE\spring-boot-autoconfigure-1.5.9.RELEASE.jar;E:\repository\org\springframework\boot\spring-boot-starter-logging\1.5.9.RELEASE\spring-boot-starter-logging-1.5.9.RELEASE.jar;E:\repository\ch\qos\logback\logback-classic\1.1.11\logback-classic-1.1.11.jar;E:\repository\ch\qos\logback\logback-core\1.1.11\logback-core-1.1.11.jar;E:\repository\org\slf4j\jul-to-slf4j\1.7.25\jul-to-slf4j-1.7.25.jar;E:\repository\org\slf4j\log4j-over-slf4j\1.7.25\log4j-over-slf4j-1.7.25.jar;E:\repository\org\yaml\snakeyaml\1.17\snakeyaml-1.17.jar;E:\repository\org\springframework\boot\spring-boot-starter-aop\1.5.9.RELEASE\spring-boot-starter-aop-1.5.9.RELEASE.jar;E:\repository\org\springframework\spring-aop\4.3.13.RELEASE\spring-aop-4.3.13.RELEASE.jar;E:\repository\org\aspectj\aspectjweaver\1.8.13\aspectjweaver-1.8.13.jar;E:\repository\org\springframework\boot\spring-boot-starter-jdbc\1.5.9.RELEASE\spring-boot-starter-jdbc-1.5.9.RELEASE.jar;E:\repository\org\apache\tomcat\tomcat-jdbc\8.5.23\tomcat-jdbc-8.5.23.jar;E:\repository\org\apache\tomcat\tomcat-juli\8.5.23\tomcat-juli-8.5.23.jar;E:\repository\org\springframework\spring-jdbc\4.3.13.RELEASE\spring-jdbc-4.3.13.RELEASE.jar;E:\repository\org\hibernate\hibernate-core\5.0.12.Final\hibernate-core-5.0.12.Final.jar;E:\repository\org\jboss\logging\jboss-logging\3.3.1.Final\jboss-logging-3.3.1.Final.jar;E:\repository\org\hibernate\javax\persistence\hibernate-jpa-2.1-api\1.0.0.Final\hibernate-jpa-2.1-api-1.0.0.Final.jar;E:\repository\org\javassist\javassist\3.21.0-GA\javassist-3.21.0-GA.jar;E:\repository\antlr\antlr\2.7.7\antlr-2.7.7.jar;E:\repository\org\jboss\jandex\2.0.0.Final\jandex-2.0.0.Final.jar;E:\repository\dom4j\dom4j\1.6.1\dom4j-1.6.1.jar;E:\repository\org\hibernate\common\hibernate-commons-annotations\5.0.1.Final\hibernate-commons-annotations-5.0.1.Final.jar;E:\repository\org\hibernate\hibernate-entitymanager\5.0.12.Final\hibernate-entitymanager-5.0.12.Final.jar;E:\repository\javax\transaction\javax.transaction-api\1.2\javax.transaction-api-1.2.jar;E:\repository\org\springframework\data\spring-data-jpa\1.11.9.RELEASE\spring-data-jpa-1.11.9.RELEASE.jar;E:\repository\org\springframework\data\spring-data-commons\1.13.9.RELEASE\spring-data-commons-1.13.9.RELEASE.jar;E:\repository\org\springframework\spring-orm\4.3.13.RELEASE\spring-orm-4.3.13.RELEASE.jar;E:\repository\org\springframework\spring-context\4.3.13.RELEASE\spring-context-4.3.13.RELEASE.jar;E:\repository\org\springframework\spring-tx\4.3.13.RELEASE\spring-tx-4.3.13.RELEASE.jar;E:\repository\org\springframework\spring-beans\4.3.13.RELEASE\spring-beans-4.3.13.RELEASE.jar;E:\repository\org\slf4j\slf4j-api\1.7.25\slf4j-api-1.7.25.jar;E:\repository\org\slf4j\jcl-over-slf4j\1.7.25\jcl-over-slf4j-1.7.25.jar;E:\repository\org\springframework\spring-aspects\4.3.13.RELEASE\spring-aspects-4.3.13.RELEASE.jar;E:\repository\org\springframework\boot\spring-boot-starter-web\1.5.9.RELEASE\spring-boot-starter-web-1.5.9.RELEASE.jar;E:\repository\org\springframework\boot\spring-boot-starter-tomcat\1.5.9.RELEASE\spring-boot-starter-tomcat-1.5.9.RELEASE.jar;E:\repository\org\apache\tomcat\embed\tomcat-embed-core\8.5.23\tomcat-embed-core-8.5.23.jar;E:\repository\org\apache\tomcat\tomcat-annotations-api\8.5.23\tomcat-annotations-api-8.5.23.jar;E:\repository\org\apache\tomcat\embed\tomcat-embed-el\8.5.23\tomcat-embed-el-8.5.23.jar;E:\repository\org\apache\tomcat\embed\tomcat-embed-websocket\8.5.23\tomcat-embed-websocket-8.5.23.jar;E:\repository\org\hibernate\hibernate-validator\5.3.6.Final\hibernate-validator-5.3.6.Final.jar;E:\repository\javax\validation\validation-api\1.1.0.Final\validation-api-1.1.0.Final.jar;E:\repository\com\fasterxml\classmate\1.3.4\classmate-1.3.4.jar;E:\repository\com\fasterxml\jackson\core\jackson-databind\2.8.10\jackson-databind-2.8.10.jar;E:\repository\com\fasterxml\jackson\core\jackson-annotations\2.8.0\jackson-annotations-2.8.0.jar;E:\repository\com\fasterxml\jackson\core\jackson-core\2.8.10\jackson-core-2.8.10.jar;E:\repository\org\springframework\spring-web\4.3.13.RELEASE\spring-web-4.3.13.RELEASE.jar;E:\repository\org\springframework\spring-webmvc\4.3.13.RELEASE\spring-webmvc-4.3.13.RELEASE.jar;E:\repository\org\springframework\spring-expression\4.3.13.RELEASE\spring-expression-4.3.13.RELEASE.jar;E:\repository\com\alibaba\druid\0.2.23\druid-0.2.23.jar;E:\repository\mysql\mysql-connector-java\5.1.44\mysql-connector-java-5.1.44.jar;E:\repository\org\springframework\boot\spring-boot-starter-test\1.5.9.RELEASE\spring-boot-starter-test-1.5.9.RELEASE.jar;E:\repository\org\springframework\boot\spring-boot-test\1.5.9.RELEASE\spring-boot-test-1.5.9.RELEASE.jar;E:\repository\org\springframework\boot\spring-boot-test-autoconfigure\1.5.9.RELEASE\spring-boot-test-autoconfigure-1.5.9.RELEASE.jar;E:\repository\com\jayway\jsonpath\json-path\2.2.0\json-path-2.2.0.jar;E:\repository\net\minidev\json-smart\2.2.1\json-smart-2.2.1.jar;E:\repository\net\minidev\accessors-smart\1.1\accessors-smart-1.1.jar;E:\repository\org\ow2\asm\asm\5.0.3\asm-5.0.3.jar;E:\repository\junit\junit\4.12\junit-4.12.jar;E:\repository\org\assertj\assertj-core\2.6.0\assertj-core-2.6.0.jar;E:\repository\org\mockito\mockito-core\1.10.19\mockito-core-1.10.19.jar;E:\repository\org\objenesis\objenesis\2.1\objenesis-2.1.jar;E:\repository\org\hamcrest\hamcrest-core\1.3\hamcrest-core-1.3.jar;E:\repository\org\hamcrest\hamcrest-library\1.3\hamcrest-library-1.3.jar;E:\repository\org\skyscreamer\jsonassert\1.4.0\jsonassert-1.4.0.jar;E:\repository\com\vaadin\external\google\android-json\0.0.20131108.vaadin1\android-json-0.0.20131108.vaadin1.jar;E:\repository\org\springframework\spring-core\4.3.13.RELEASE\spring-core-4.3.13.RELEASE.jar;E:\repository\org\springframework\spring-test\4.3.13.RELEASE\spring-test-4.3.13.RELEASE.jar;E:\repository\com\sun\jna\jna\3.0.9\jna-3.0.9.jar;E:\repository\com\squareup\okhttp3\okhttp\3.10.0\okhttp-3.10.0.jar;E:\repository\com\squareup\okio\okio\1.14.0\okio-1.14.0.jar;E:\repository\org\springframework\boot\spring-boot-starter-freemarker\1.5.12.RELEASE\spring-boot-starter-freemarker-1.5.12.RELEASE.jar;E:\repository\org\freemarker\freemarker\2.3.27-incubating\freemarker-2.3.27-incubating.jar;E:\repository\org\springframework\spring-context-support\4.3.13.RELEASE\spring-context-support-4.3.13.RELEASE.jar;E:\repository\org\projectlombok\lombok\1.16.18\lombok-1.16.18.jar;E:\repository\org\seleniumhq\selenium\selenium-firefox-driver\2.53.1\selenium-firefox-driver-2.53.1.jar;E:\repository\org\seleniumhq\selenium\selenium-remote-driver\2.53.1\selenium-remote-driver-2.53.1.jar;E:\repository\cglib\cglib-nodep\2.1_3\cglib-nodep-2.1_3.jar;E:\repository\com\google\code\gson\gson\2.8.2\gson-2.8.2.jar;E:\repository\org\seleniumhq\selenium\selenium-api\2.53.1\selenium-api-2.53.1.jar;E:\repository\org\apache\httpcomponents\httpclient\4.5.3\httpclient-4.5.3.jar;E:\repository\org\apache\httpcomponents\httpcore\4.4.8\httpcore-4.4.8.jar;E:\repository\commons-codec\commons-codec\1.10\commons-codec-1.10.jar;E:\repository\com\google\guava\guava\19.0\guava-19.0.jar;E:\repository\net\java\dev\jna\jna\4.2.2\jna-4.2.2.jar;E:\repository\net\java\dev\jna\jna-platform\4.2.2\jna-platform-4.2.2.jar;E:\repository\commons-io\commons-io\2.4\commons-io-2.4.jar;E:\repository\org\apache\commons\commons-exec\1.3\commons-exec-1.3.jar;E:\repository\net\sourceforge\htmlunit\htmlunit\2.27\htmlunit-2.27.jar;E:\repository\xalan\xalan\2.7.2\xalan-2.7.2.jar;E:\repository\xalan\serializer\2.7.2\serializer-2.7.2.jar;E:\repository\org\apache\commons\commons-lang3\3.5\commons-lang3-3.5.jar;E:\repository\org\apache\httpcomponents\httpmime\4.5.3\httpmime-4.5.3.jar;E:\repository\net\sourceforge\htmlunit\htmlunit-core-js\2.27\htmlunit-core-js-2.27.jar;E:\repository\net\sourceforge\htmlunit\neko-htmlunit\2.27\neko-htmlunit-2.27.jar;E:\repository\xerces\xercesImpl\2.11.0\xercesImpl-2.11.0.jar;E:\repository\xml-apis\xml-apis\1.4.01\xml-apis-1.4.01.jar;E:\repository\net\sourceforge\cssparser\cssparser\0.9.23\cssparser-0.9.23.jar;E:\repository\org\w3c\css\sac\1.3\sac-1.3.jar;E:\repository\org\eclipse\jetty\websocket\websocket-client\9.4.7.v20170914\websocket-client-9.4.7.v20170914.jar;E:\repository\org\eclipse\jetty\jetty-client\9.4.7.v20170914\jetty-client-9.4.7.v20170914.jar;E:\repository\org\eclipse\jetty\jetty-http\9.4.7.v20170914\jetty-http-9.4.7.v20170914.jar;E:\repository\org\eclipse\jetty\jetty-xml\9.4.7.v20170914\jetty-xml-9.4.7.v20170914.jar;E:\repository\org\eclipse\jetty\jetty-util\9.4.7.v20170914\jetty-util-9.4.7.v20170914.jar;E:\repository\org\eclipse\jetty\jetty-io\9.4.7.v20170914\jetty-io-9.4.7.v20170914.jar;E:\repository\org\eclipse\jetty\websocket\websocket-common\9.4.7.v20170914\websocket-common-9.4.7.v20170914.jar;E:\repository\org\eclipse\jetty\websocket\websocket-api\9.4.7.v20170914\websocket-api-9.4.7.v20170914.jar;, java.specification.name=Java Platform API Specification, java.class.version=52.0, sun.management.compiler=HotSpot 64-Bit Tiered Compilers, jpda.listen=true, os.version=10.0, jpda.address=63168, user.home=C:\Users\MRB, user.timezone=Asia/Shanghai, java.awt.printerjob=sun.awt.windows.WPrinterJob, file.encoding=UTF-8, java.specification.version=1.8, java.class.path=F:\github\digger\target\test-classes;F:\github\digger\target\classes;E:\repository\org\springframework\boot\spring-boot-starter-data-jpa\1.5.9.RELEASE\spring-boot-starter-data-jpa-1.5.9.RELEASE.jar;E:\repository\org\springframework\boot\spring-boot-starter\1.5.9.RELEASE\spring-boot-starter-1.5.9.RELEASE.jar;E:\repository\org\springframework\boot\spring-boot\1.5.9.RELEASE\spring-boot-1.5.9.RELEASE.jar;E:\repository\org\springframework\boot\spring-boot-autoconfigure\1.5.9.RELEASE\spring-boot-autoconfigure-1.5.9.RELEASE.jar;E:\repository\org\springframework\boot\spring-boot-starter-logging\1.5.9.RELEASE\spring-boot-starter-logging-1.5.9.RELEASE.jar;E:\repository\ch\qos\logback\logback-classic\1.1.11\logback-classic-1.1.11.jar;E:\repository\ch\qos\logback\logback-core\1.1.11\logback-core-1.1.11.jar;E:\repository\org\slf4j\jul-to-slf4j\1.7.25\jul-to-slf4j-1.7.25.jar;E:\repository\org\slf4j\log4j-over-slf4j\1.7.25\log4j-over-slf4j-1.7.25.jar;E:\repository\org\yaml\snakeyaml\1.17\snakeyaml-1.17.jar;E:\repository\org\springframework\boot\spring-boot-starter-aop\1.5.9.RELEASE\spring-boot-starter-aop-1.5.9.RELEASE.jar;E:\repository\org\springframework\spring-aop\4.3.13.RELEASE\spring-aop-4.3.13.RELEASE.jar;E:\repository\org\aspectj\aspectjweaver\1.8.13\aspectjweaver-1.8.13.jar;E:\repository\org\springframework\boot\spring-boot-starter-jdbc\1.5.9.RELEASE\spring-boot-starter-jdbc-1.5.9.RELEASE.jar;E:\repository\org\apache\tomcat\tomcat-jdbc\8.5.23\tomcat-jdbc-8.5.23.jar;E:\repository\org\apache\tomcat\tomcat-juli\8.5.23\tomcat-juli-8.5.23.jar;E:\repository\org\springframework\spring-jdbc\4.3.13.RELEASE\spring-jdbc-4.3.13.RELEASE.jar;E:\repository\org\hibernate\hibernate-core\5.0.12.Final\hibernate-core-5.0.12.Final.jar;E:\repository\org\jboss\logging\jboss-logging\3.3.1.Final\jboss-logging-3.3.1.Final.jar;E:\repository\org\hibernate\javax\persistence\hibernate-jpa-2.1-api\1.0.0.Final\hibernate-jpa-2.1-api-1.0.0.Final.jar;E:\repository\org\javassist\javassist\3.21.0-GA\javassist-3.21.0-GA.jar;E:\repository\antlr\antlr\2.7.7\antlr-2.7.7.jar;E:\repository\org\jboss\jandex\2.0.0.Final\jandex-2.0.0.Final.jar;E:\repository\dom4j\dom4j\1.6.1\dom4j-1.6.1.jar;E:\repository\org\hibernate\common\hibernate-commons-annotations\5.0.1.Final\hibernate-commons-annotations-5.0.1.Final.jar;E:\repository\org\hibernate\hibernate-entitymanager\5.0.12.Final\hibernate-entitymanager-5.0.12.Final.jar;E:\repository\javax\transaction\javax.transaction-api\1.2\javax.transaction-api-1.2.jar;E:\repository\org\springframework\data\spring-data-jpa\1.11.9.RELEASE\spring-data-jpa-1.11.9.RELEASE.jar;E:\repository\org\springframework\data\spring-data-commons\1.13.9.RELEASE\spring-data-commons-1.13.9.RELEASE.jar;E:\repository\org\springframework\spring-orm\4.3.13.RELEASE\spring-orm-4.3.13.RELEASE.jar;E:\repository\org\springframework\spring-context\4.3.13.RELEASE\spring-context-4.3.13.RELEASE.jar;E:\repository\org\springframework\spring-tx\4.3.13.RELEASE\spring-tx-4.3.13.RELEASE.jar;E:\repository\org\springframework\spring-beans\4.3.13.RELEASE\spring-beans-4.3.13.RELEASE.jar;E:\repository\org\slf4j\slf4j-api\1.7.25\slf4j-api-1.7.25.jar;E:\repository\org\slf4j\jcl-over-slf4j\1.7.25\jcl-over-slf4j-1.7.25.jar;E:\repository\org\springframework\spring-aspects\4.3.13.RELEASE\spring-aspects-4.3.13.RELEASE.jar;E:\repository\org\springframework\boot\spring-boot-starter-web\1.5.9.RELEASE\spring-boot-starter-web-1.5.9.RELEASE.jar;E:\repository\org\springframework\boot\spring-boot-starter-tomcat\1.5.9.RELEASE\spring-boot-starter-tomcat-1.5.9.RELEASE.jar;E:\repository\org\apache\tomcat\embed\tomcat-embed-core\8.5.23\tomcat-embed-core-8.5.23.jar;E:\repository\org\apache\tomcat\tomcat-annotations-api\8.5.23\tomcat-annotations-api-8.5.23.jar;E:\repository\org\apache\tomcat\embed\tomcat-embed-el\8.5.23\tomcat-embed-el-8.5.23.jar;E:\repository\org\apache\tomcat\embed\tomcat-embed-websocket\8.5.23\tomcat-embed-websocket-8.5.23.jar;E:\repository\org\hibernate\hibernate-validator\5.3.6.Final\hibernate-validator-5.3.6.Final.jar;E:\repository\javax\validation\validation-api\1.1.0.Final\validation-api-1.1.0.Final.jar;E:\repository\com\fasterxml\classmate\1.3.4\classmate-1.3.4.jar;E:\repository\com\fasterxml\jackson\core\jackson-databind\2.8.10\jackson-databind-2.8.10.jar;E:\repository\com\fasterxml\jackson\core\jackson-annotations\2.8.0\jackson-annotations-2.8.0.jar;E:\repository\com\fasterxml\jackson\core\jackson-core\2.8.10\jackson-core-2.8.10.jar;E:\repository\org\springframework\spring-web\4.3.13.RELEASE\spring-web-4.3.13.RELEASE.jar;E:\repository\org\springframework\spring-webmvc\4.3.13.RELEASE\spring-webmvc-4.3.13.RELEASE.jar;E:\repository\org\springframework\spring-expression\4.3.13.RELEASE\spring-expression-4.3.13.RELEASE.jar;E:\repository\com\alibaba\druid\0.2.23\druid-0.2.23.jar;E:\repository\mysql\mysql-connector-java\5.1.44\mysql-connector-java-5.1.44.jar;E:\repository\org\springframework\boot\spring-boot-starter-test\1.5.9.RELEASE\spring-boot-starter-test-1.5.9.RELEASE.jar;E:\repository\org\springframework\boot\spring-boot-test\1.5.9.RELEASE\spring-boot-test-1.5.9.RELEASE.jar;E:\repository\org\springframework\boot\spring-boot-test-autoconfigure\1.5.9.RELEASE\spring-boot-test-autoconfigure-1.5.9.RELEASE.jar;E:\repository\com\jayway\jsonpath\json-path\2.2.0\json-path-2.2.0.jar;E:\repository\net\minidev\json-smart\2.2.1\json-smart-2.2.1.jar;E:\repository\net\minidev\accessors-smart\1.1\accessors-smart-1.1.jar;E:\repository\org\ow2\asm\asm\5.0.3\asm-5.0.3.jar;E:\repository\junit\junit\4.12\junit-4.12.jar;E:\repository\org\assertj\assertj-core\2.6.0\assertj-core-2.6.0.jar;E:\repository\org\mockito\mockito-core\1.10.19\mockito-core-1.10.19.jar;E:\repository\org\objenesis\objenesis\2.1\objenesis-2.1.jar;E:\repository\org\hamcrest\hamcrest-core\1.3\hamcrest-core-1.3.jar;E:\repository\org\hamcrest\hamcrest-library\1.3\hamcrest-library-1.3.jar;E:\repository\org\skyscreamer\jsonassert\1.4.0\jsonassert-1.4.0.jar;E:\repository\com\vaadin\external\google\android-json\0.0.20131108.vaadin1\android-json-0.0.20131108.vaadin1.jar;E:\repository\org\springframework\spring-core\4.3.13.RELEASE\spring-core-4.3.13.RELEASE.jar;E:\repository\org\springframework\spring-test\4.3.13.RELEASE\spring-test-4.3.13.RELEASE.jar;E:\repository\com\sun\jna\jna\3.0.9\jna-3.0.9.jar;E:\repository\com\squareup\okhttp3\okhttp\3.10.0\okhttp-3.10.0.jar;E:\repository\com\squareup\okio\okio\1.14.0\okio-1.14.0.jar;E:\repository\org\springframework\boot\spring-boot-starter-freemarker\1.5.12.RELEASE\spring-boot-starter-freemarker-1.5.12.RELEASE.jar;E:\repository\org\freemarker\freemarker\2.3.27-incubating\freemarker-2.3.27-incubating.jar;E:\repository\org\springframework\spring-context-support\4.3.13.RELEASE\spring-context-support-4.3.13.RELEASE.jar;E:\repository\org\projectlombok\lombok\1.16.18\lombok-1.16.18.jar;E:\repository\org\seleniumhq\selenium\selenium-firefox-driver\2.53.1\selenium-firefox-driver-2.53.1.jar;E:\repository\org\seleniumhq\selenium\selenium-remote-driver\2.53.1\selenium-remote-driver-2.53.1.jar;E:\repository\cglib\cglib-nodep\2.1_3\cglib-nodep-2.1_3.jar;E:\repository\com\google\code\gson\gson\2.8.2\gson-2.8.2.jar;E:\repository\org\seleniumhq\selenium\selenium-api\2.53.1\selenium-api-2.53.1.jar;E:\repository\org\apache\httpcomponents\httpclient\4.5.3\httpclient-4.5.3.jar;E:\repository\org\apache\httpcomponents\httpcore\4.4.8\httpcore-4.4.8.jar;E:\repository\commons-codec\commons-codec\1.10\commons-codec-1.10.jar;E:\repository\com\google\guava\guava\19.0\guava-19.0.jar;E:\repository\net\java\dev\jna\jna\4.2.2\jna-4.2.2.jar;E:\repository\net\java\dev\jna\jna-platform\4.2.2\jna-platform-4.2.2.jar;E:\repository\commons-io\commons-io\2.4\commons-io-2.4.jar;E:\repository\org\apache\commons\commons-exec\1.3\commons-exec-1.3.jar;E:\repository\net\sourceforge\htmlunit\htmlunit\2.27\htmlunit-2.27.jar;E:\repository\xalan\xalan\2.7.2\xalan-2.7.2.jar;E:\repository\xalan\serializer\2.7.2\serializer-2.7.2.jar;E:\repository\org\apache\commons\commons-lang3\3.5\commons-lang3-3.5.jar;E:\repository\org\apache\httpcomponents\httpmime\4.5.3\httpmime-4.5.3.jar;E:\repository\net\sourceforge\htmlunit\htmlunit-core-js\2.27\htmlunit-core-js-2.27.jar;E:\repository\net\sourceforge\htmlunit\neko-htmlunit\2.27\neko-htmlunit-2.27.jar;E:\repository\xerces\xercesImpl\2.11.0\xercesImpl-2.11.0.jar;E:\repository\xml-apis\xml-apis\1.4.01\xml-apis-1.4.01.jar;E:\repository\net\sourceforge\cssparser\cssparser\0.9.23\cssparser-0.9.23.jar;E:\repository\org\w3c\css\sac\1.3\sac-1.3.jar;E:\repository\org\eclipse\jetty\websocket\websocket-client\9.4.7.v20170914\websocket-client-9.4.7.v20170914.jar;E:\repository\org\eclipse\jetty\jetty-client\9.4.7.v20170914\jetty-client-9.4.7.v20170914.jar;E:\repository\org\eclipse\jetty\jetty-http\9.4.7.v20170914\jetty-http-9.4.7.v20170914.jar;E:\repository\org\eclipse\jetty\jetty-xml\9.4.7.v20170914\jetty-xml-9.4.7.v20170914.jar;E:\repository\org\eclipse\jetty\jetty-util\9.4.7.v20170914\jetty-util-9.4.7.v20170914.jar;E:\repository\org\eclipse\jetty\jetty-io\9.4.7.v20170914\jetty-io-9.4.7.v20170914.jar;E:\repository\org\eclipse\jetty\websocket\websocket-common\9.4.7.v20170914\websocket-common-9.4.7.v20170914.jar;E:\repository\org\eclipse\jetty\websocket\websocket-api\9.4.7.v20170914\websocket-api-9.4.7.v20170914.jar;, user.name=MRB, maven.surefire.debug=-Xdebug -Xrunjdwp:transport=dt_socket,server=n,address=63168, java.vm.specification.version=1.8, sun.java.command=F:\github\digger\target\surefire\surefirebooter7785238724491486682.jar F:\github\digger\target\surefire\surefire5245276897423271315tmp F:\github\digger\target\surefire\surefire_05543478463102638241tmp, java.home=C:\Program Files\Java\jdk1.8.0_131\jre, sun.arch.data.model=64, user.language=zh, java.specification.vendor=Oracle Corporation, awt.toolkit=sun.awt.windows.WToolkit, java.vm.info=mixed mode, java.version=1.8.0_131, java.ext.dirs=C:\Program Files\Java\jdk1.8.0_131\jre\lib\ext;C:\WINDOWS\Sun\Java\lib\ext, sun.boot.class.path=C:\Program Files\Java\jdk1.8.0_131\jre\lib\resources.jar;C:\Program Files\Java\jdk1.8.0_131\jre\lib\rt.jar;C:\Program Files\Java\jdk1.8.0_131\jre\lib\sunrsasign.jar;C:\Program Files\Java\jdk1.8.0_131\jre\lib\jsse.jar;C:\Program Files\Java\jdk1.8.0_131\jre\lib\jce.jar;C:\Program Files\Java\jdk1.8.0_131\jre\lib\charsets.jar;C:\Program Files\Java\jdk1.8.0_131\jre\lib\jfr.jar;C:\Program Files\Java\jdk1.8.0_131\jre\classes, java.vendor=Oracle Corporation, localRepository=E:\repository, file.separator=\, forkMode=once, java.vendor.url.bug=http://bugreport.sun.com/bugreport/, sun.io.unicode.encoding=UnicodeLittle, sun.cpu.endian=little, sun.desktop=windows, sun.cpu.isalist=amd64}}, SystemEnvironmentPropertySource@1427646530 {name='systemEnvironment', properties={PATH=C:\ProgramData\Oracle\Java\javapath;C:\Program Files\Java\jdk1.8.0_131/bin;E:\apache-maven-3.5.0/bin;C:\Program Files (x86)\Intel\iCLS Client\;C:\Program Files\Intel\iCLS Client\;C:\Windows\system32;C:\Windows;C:\Windows\System32\Wbem;C:\Windows\System32\WindowsPowerShell\v1.0\;C:\Program Files (x86)\NVIDIA Corporation\PhysX\Common;C:\Program Files (x86)\Intel\Intel(R) Management Engine Components\DAL;C:\Program Files\Intel\Intel(R) Management Engine Components\DAL;C:\Program Files (x86)\Intel\Intel(R) Management Engine Components\IPT;C:\Program Files\Intel\Intel(R) Management Engine Components\IPT;C:\Program Files\TortoiseSVN\bin;C:\WINDOWS\system32;C:\WINDOWS;C:\WINDOWS\System32\Wbem;C:\WINDOWS\System32\WindowsPowerShell\v1.0\;E:\zookeeper\zookeeper-3.4.11\bin;E:\zookeeper\zookeeper-3.4.11\conf;E:\apache-tomcat-7.0.79\bin;E:\apache-tomcat-7.0.79\lib;E:\glassfish4\glassfish\bin;E:\glassfish4\glassfish\lib;C:\Program Files\nodejs\;C:\Program Files\MySQL\MySQL Utilities 1.6\;C:\Program Files\Git\cmd;C:\Users\MRB\AppData\Local\Microsoft\WindowsApps;C:\Users\MRB\AppData\Roaming\npm, USERDOMAIN_ROAMINGPROFILE=DESKTOP-9EQJ4QP, PROCESSOR_LEVEL=6, SYSTEMDRIVE=C:, SESSIONNAME=Console, ALLUSERSPROFILE=C:\ProgramData, PROCESSOR_ARCHITECTURE=AMD64, MAVEN_HOME=E:\apache-maven-3.5.0\bin\.., NB_EXEC_MAVEN_PROCESS_UUID=e59c9de4-78ed-4522-a52b-6fbfbede094d, PROGRAMFILES=C:\Program Files, PSMODULEPATH=C:\Program Files\WindowsPowerShell\Modules;C:\WINDOWS\system32\WindowsPowerShell\v1.0\Modules, PROGRAMDATA=C:\ProgramData, USERNAME=MRB, WDIR=F:\, FPS_BROWSER_USER_PROFILE_STRING=Default, ONEDRIVE=C:\Users\MRB\OneDrive, PATHEXT=.COM;.EXE;.BAT;.CMD;.VBS;.VBE;.JS;.JSE;.WSF;.WSH;.MSC, CLASSWORLDS_JAR="E:\apache-maven-3.5.0\bin\..\boot\plexus-classworlds-2.5.2.jar", WINDIR=C:\WINDOWS, =F:=F:\github\digger, HOMEPATH=\Users\MRB, PROCESSOR_IDENTIFIER=Intel64 Family 6 Model 142 Stepping 9, GenuineIntel, M2_HOME=E:\apache-maven-3.5.0, PUBLIC=C:\Users\Public, =::=::\, ZOOKEEPER_HOME=E:\zookeeper\zookeeper-3.4.11, LOCALAPPDATA=C:\Users\MRB\AppData\Local, COMMONPROGRAMFILES(X86)=C:\Program Files (x86)\Common Files, USERDOMAIN=DESKTOP-9EQJ4QP, FPS_BROWSER_APP_PROFILE_STRING=Internet Explorer, LOGONSERVER=\\DESKTOP-9EQJ4QP, JAVA_HOME=C:\Program Files\Java\jdk1.8.0_131, PROMPT=$P$G, PROGRAMFILES(X86)=C:\Program Files (x86), GLASSFISH_HOME=E:\glassfish4\glassfish, ERROR_CODE=0, EXEC_DIR=F:\github\digger, APPDATA=C:\Users\MRB\AppData\Roaming, PROGRAMW6432=C:\Program Files, SYSTEMROOT=C:\WINDOWS, MAVEN_CMD_LINE_ARGS=-Dtest=com.mrb.digger.LoanTest#testTransaction -DforkMode=once -Dmaven.surefire.debug="-Xdebug -Xrunjdwp:transport=dt_socket,server=n,address=63168" -Djpda.listen=true -Djpda.address=63168 -Dmaven.ext.class.path="C:\Program Files\NetBeans 8.2\java\maven-nblib\netbeans-eventspy.jar" -Dfile.encoding=UTF-8 surefire:test, NETBEANSPROJECTMAPPINGS=, OS=Windows_NT, COMMONPROGRAMW6432=C:\Program Files\Common Files, COMPUTERNAME=DESKTOP-9EQJ4QP, COMMONPROGRAMFILES=C:\Program Files\Common Files, COMSPEC=C:\WINDOWS\system32\cmd.exe, CATALINA_HOME=E:\apache-tomcat-7.0.79, JAVACMD=C:\Program Files\Java\jdk1.8.0_131\bin\java.exe, MAVEN_PROJECTBASEDIR=F:\github\digger, PROCESSOR_REVISION=8e09, CLASSWORLDS_LAUNCHER=org.codehaus.plexus.classworlds.launcher.Launcher, TEMP=C:\Users\MRB\AppData\Local\Temp, HOMEDRIVE=C:, USERPROFILE=C:\Users\MRB, TMP=C:\Users\MRB\AppData\Local\Temp, NUMBER_OF_PROCESSORS=4, JVMCONFIG=\.mvn\jvm.config}}]
22:32:51.615 [main] DEBUG org.springframework.core.io.support.PathMatchingResourcePatternResolver - Resolved classpath location [com/mrb/digger/] to resources [URL [file:/F:/github/digger/target/test-classes/com/mrb/digger/], URL [file:/F:/github/digger/target/classes/com/mrb/digger/]]
22:32:51.615 [main] DEBUG org.springframework.core.io.support.PathMatchingResourcePatternResolver - Looking for matching resources in directory tree [F:\github\digger\target\test-classes\com\mrb\digger]
22:32:51.615 [main] DEBUG org.springframework.core.io.support.PathMatchingResourcePatternResolver - Searching directory [F:\github\digger\target\test-classes\com\mrb\digger] for files matching pattern [F:/github/digger/target/test-classes/com/mrb/digger/*.class]
22:32:51.619 [main] DEBUG org.springframework.core.io.support.PathMatchingResourcePatternResolver - Looking for matching resources in directory tree [F:\github\digger\target\classes\com\mrb\digger]
22:32:51.619 [main] DEBUG org.springframework.core.io.support.PathMatchingResourcePatternResolver - Searching directory [F:\github\digger\target\classes\com\mrb\digger] for files matching pattern [F:/github/digger/target/classes/com/mrb/digger/*.class]
22:32:51.621 [main] DEBUG org.springframework.core.io.support.PathMatchingResourcePatternResolver - Resolved location pattern [classpath*:com/mrb/digger/*.class] to resources [file [F:\github\digger\target\test-classes\com\mrb\digger\DiggerApplicationTests.class], file [F:\github\digger\target\test-classes\com\mrb\digger\LoanTest.class], file [F:\github\digger\target\test-classes\com\mrb\digger\TestCookie.class], file [F:\github\digger\target\test-classes\com\mrb\digger\TestDecode.class], file [F:\github\digger\target\test-classes\com\mrb\digger\TestHttp.class], file [F:\github\digger\target\test-classes\com\mrb\digger\TestQRCode.class], file [F:\github\digger\target\classes\com\mrb\digger\DiggerApplication.class]]
22:32:51.677 [main] DEBUG org.springframework.context.annotation.ClassPathScanningCandidateComponentProvider - Identified candidate component class: file [F:\github\digger\target\classes\com\mrb\digger\DiggerApplication.class]
22:32:51.678 [main] INFO org.springframework.boot.test.context.SpringBootTestContextBootstrapper - Found @SpringBootConfiguration com.mrb.digger.DiggerApplication for test class com.mrb.digger.LoanTest
22:32:51.683 [main] DEBUG org.springframework.boot.test.context.SpringBootTestContextBootstrapper - @TestExecutionListeners is not present for class [com.mrb.digger.LoanTest]: using defaults.
22:32:51.687 [main] INFO org.springframework.boot.test.context.SpringBootTestContextBootstrapper - Loaded default TestExecutionListener class names from location [META-INF/spring.factories]: [org.springframework.boot.test.mock.mockito.MockitoTestExecutionListener, org.springframework.boot.test.mock.mockito.ResetMocksTestExecutionListener, org.springframework.boot.test.autoconfigure.restdocs.RestDocsTestExecutionListener, org.springframework.boot.test.autoconfigure.web.client.MockRestServiceServerResetTestExecutionListener, org.springframework.boot.test.autoconfigure.web.servlet.MockMvcPrintOnlyOnFailureTestExecutionListener, org.springframework.boot.test.autoconfigure.web.servlet.WebDriverTestExecutionListener, org.springframework.test.context.web.ServletTestExecutionListener, org.springframework.test.context.support.DirtiesContextBeforeModesTestExecutionListener, org.springframework.test.context.support.DependencyInjectionTestExecutionListener, org.springframework.test.context.support.DirtiesContextTestExecutionListener, org.springframework.test.context.transaction.TransactionalTestExecutionListener, org.springframework.test.context.jdbc.SqlScriptsTestExecutionListener]
22:32:51.715 [main] INFO org.springframework.boot.test.context.SpringBootTestContextBootstrapper - Using TestExecutionListeners: [org.springframework.test.context.web.ServletTestExecutionListener@57af006c, org.springframework.test.context.support.DirtiesContextBeforeModesTestExecutionListener@6bedbc4d, org.springframework.boot.test.autoconfigure.SpringBootDependencyInjectionTestExecutionListener@932bc4a, org.springframework.test.context.support.DirtiesContextTestExecutionListener@d29f28, org.springframework.test.context.transaction.TransactionalTestExecutionListener@2fd1433e, org.springframework.test.context.jdbc.SqlScriptsTestExecutionListener@29d89d5d, org.springframework.boot.test.mock.mockito.MockitoTestExecutionListener@3514a4c0, org.springframework.boot.test.mock.mockito.ResetMocksTestExecutionListener@212b5695, org.springframework.boot.test.autoconfigure.restdocs.RestDocsTestExecutionListener@446293d, org.springframework.boot.test.autoconfigure.web.servlet.WebDriverTestExecutionListener@69997e9d, org.springframework.boot.test.autoconfigure.web.servlet.MockMvcPrintOnlyOnFailureTestExecutionListener@793be5ca, org.springframework.boot.test.autoconfigure.web.client.MockRestServiceServerResetTestExecutionListener@2df9b86]
22:32:51.717 [main] DEBUG org.springframework.test.annotation.ProfileValueUtils - Retrieved @ProfileValueSourceConfiguration [null] for test class [com.mrb.digger.LoanTest]
22:32:51.717 [main] DEBUG org.springframework.test.annotation.ProfileValueUtils - Retrieved ProfileValueSource type [class org.springframework.test.annotation.SystemProfileValueSource] for class [com.mrb.digger.LoanTest]
22:32:51.722 [main] DEBUG org.springframework.test.context.junit4.SpringJUnit4ClassRunner - SpringJUnit4ClassRunner constructor called with [class com.mrb.digger.LoanTest]
22:32:51.722 [main] DEBUG org.springframework.test.context.BootstrapUtils - Instantiating CacheAwareContextLoaderDelegate from class [org.springframework.test.context.cache.DefaultCacheAwareContextLoaderDelegate]
22:32:51.722 [main] DEBUG org.springframework.test.context.BootstrapUtils - Instantiating BootstrapContext using constructor [public org.springframework.test.context.support.DefaultBootstrapContext(java.lang.Class,org.springframework.test.context.CacheAwareContextLoaderDelegate)]
22:32:51.722 [main] DEBUG org.springframework.test.context.BootstrapUtils - Instantiating TestContextBootstrapper for test class [com.mrb.digger.LoanTest] from class [org.springframework.boot.test.context.SpringBootTestContextBootstrapper]
22:32:51.723 [main] INFO org.springframework.boot.test.context.SpringBootTestContextBootstrapper - Neither @ContextConfiguration nor @ContextHierarchy found for test class [com.mrb.digger.LoanTest], using SpringBootContextLoader
22:32:51.724 [main] DEBUG org.springframework.test.context.support.AbstractContextLoader - Did not detect default resource location for test class [com.mrb.digger.LoanTest]: class path resource [com/mrb/digger/LoanTest-context.xml] does not exist
22:32:51.724 [main] DEBUG org.springframework.test.context.support.AbstractContextLoader - Did not detect default resource location for test class [com.mrb.digger.LoanTest]: class path resource [com/mrb/digger/LoanTestContext.groovy] does not exist
22:32:51.724 [main] INFO org.springframework.test.context.support.AbstractContextLoader - Could not detect default resource locations for test class [com.mrb.digger.LoanTest]: no resource found for suffixes {-context.xml, Context.groovy}.
22:32:51.724 [main] INFO org.springframework.test.context.support.AnnotationConfigContextLoaderUtils - Could not detect default configuration classes for test class [com.mrb.digger.LoanTest]: LoanTest does not declare any static, non-private, non-final, nested classes annotated with @Configuration.
22:32:51.731 [main] DEBUG org.springframework.test.context.support.ActiveProfilesUtils - Could not find an 'annotation declaring class' for annotation type [org.springframework.test.context.ActiveProfiles] and class [com.mrb.digger.LoanTest]
22:32:51.732 [main] DEBUG org.springframework.core.env.StandardEnvironment - Adding PropertySource 'systemProperties' with lowest search precedence
22:32:51.732 [main] DEBUG org.springframework.core.env.StandardEnvironment - Adding PropertySource 'systemEnvironment' with lowest search precedence
22:32:51.733 [main] DEBUG org.springframework.core.env.StandardEnvironment - Initialized StandardEnvironment with PropertySources [MapPropertySource@2146338580 {name='systemProperties', properties={java.runtime.name=Java(TM) SE Runtime Environment, sun.boot.library.path=C:\Program Files\Java\jdk1.8.0_131\jre\bin, java.vm.version=25.131-b11, java.vm.vendor=Oracle Corporation, java.vendor.url=http://java.oracle.com/, path.separator=;, java.vm.name=Java HotSpot(TM) 64-Bit Server VM, file.encoding.pkg=sun.io, user.country=CN, user.script=, sun.java.launcher=SUN_STANDARD, sun.os.patch.level=, test=com.mrb.digger.LoanTest#testTransaction, java.vm.specification.name=Java Virtual Machine Specification, user.dir=F:\github\digger, java.runtime.version=1.8.0_131-b11, basedir=F:\github\digger, java.awt.graphicsenv=sun.awt.Win32GraphicsEnvironment, java.endorsed.dirs=C:\Program Files\Java\jdk1.8.0_131\jre\lib\endorsed, os.arch=amd64, surefire.real.class.path=F:\github\digger\target\surefire\surefirebooter7785238724491486682.jar, java.io.tmpdir=C:\Users\MRB\AppData\Local\Temp\, line.separator=
, java.vm.specification.vendor=Oracle Corporation, user.variant=, os.name=Windows 10, maven.ext.class.path=C:\Program Files\NetBeans 8.2\java\maven-nblib\netbeans-eventspy.jar, sun.jnu.encoding=GBK, java.library.path=C:\Program Files\Java\jdk1.8.0_131\jre\bin;C:\WINDOWS\Sun\Java\bin;C:\WINDOWS\system32;C:\WINDOWS;C:\ProgramData\Oracle\Java\javapath;C:\Program Files\Java\jdk1.8.0_131/bin;E:\apache-maven-3.5.0/bin;C:\Program Files (x86)\Intel\iCLS Client\;C:\Program Files\Intel\iCLS Client\;C:\Windows\system32;C:\Windows;C:\Windows\System32\Wbem;C:\Windows\System32\WindowsPowerShell\v1.0\;C:\Program Files (x86)\NVIDIA Corporation\PhysX\Common;C:\Program Files (x86)\Intel\Intel(R) Management Engine Components\DAL;C:\Program Files\Intel\Intel(R) Management Engine Components\DAL;C:\Program Files (x86)\Intel\Intel(R) Management Engine Components\IPT;C:\Program Files\Intel\Intel(R) Management Engine Components\IPT;C:\Program Files\TortoiseSVN\bin;C:\WINDOWS\system32;C:\WINDOWS;C:\WINDOWS\System32\Wbem;C:\WINDOWS\System32\WindowsPowerShell\v1.0\;E:\zookeeper\zookeeper-3.4.11\bin;E:\zookeeper\zookeeper-3.4.11\conf;E:\apache-tomcat-7.0.79\bin;E:\apache-tomcat-7.0.79\lib;E:\glassfish4\glassfish\bin;E:\glassfish4\glassfish\lib;C:\Program Files\nodejs\;C:\Program Files\MySQL\MySQL Utilities 1.6\;C:\Program Files\Git\cmd;C:\Users\MRB\AppData\Local\Microsoft\WindowsApps;C:\Users\MRB\AppData\Roaming\npm;., surefire.test.class.path=F:\github\digger\target\test-classes;F:\github\digger\target\classes;E:\repository\org\springframework\boot\spring-boot-starter-data-jpa\1.5.9.RELEASE\spring-boot-starter-data-jpa-1.5.9.RELEASE.jar;E:\repository\org\springframework\boot\spring-boot-starter\1.5.9.RELEASE\spring-boot-starter-1.5.9.RELEASE.jar;E:\repository\org\springframework\boot\spring-boot\1.5.9.RELEASE\spring-boot-1.5.9.RELEASE.jar;E:\repository\org\springframework\boot\spring-boot-autoconfigure\1.5.9.RELEASE\spring-boot-autoconfigure-1.5.9.RELEASE.jar;E:\repository\org\springframework\boot\spring-boot-starter-logging\1.5.9.RELEASE\spring-boot-starter-logging-1.5.9.RELEASE.jar;E:\repository\ch\qos\logback\logback-classic\1.1.11\logback-classic-1.1.11.jar;E:\repository\ch\qos\logback\logback-core\1.1.11\logback-core-1.1.11.jar;E:\repository\org\slf4j\jul-to-slf4j\1.7.25\jul-to-slf4j-1.7.25.jar;E:\repository\org\slf4j\log4j-over-slf4j\1.7.25\log4j-over-slf4j-1.7.25.jar;E:\repository\org\yaml\snakeyaml\1.17\snakeyaml-1.17.jar;E:\repository\org\springframework\boot\spring-boot-starter-aop\1.5.9.RELEASE\spring-boot-starter-aop-1.5.9.RELEASE.jar;E:\repository\org\springframework\spring-aop\4.3.13.RELEASE\spring-aop-4.3.13.RELEASE.jar;E:\repository\org\aspectj\aspectjweaver\1.8.13\aspectjweaver-1.8.13.jar;E:\repository\org\springframework\boot\spring-boot-starter-jdbc\1.5.9.RELEASE\spring-boot-starter-jdbc-1.5.9.RELEASE.jar;E:\repository\org\apache\tomcat\tomcat-jdbc\8.5.23\tomcat-jdbc-8.5.23.jar;E:\repository\org\apache\tomcat\tomcat-juli\8.5.23\tomcat-juli-8.5.23.jar;E:\repository\org\springframework\spring-jdbc\4.3.13.RELEASE\spring-jdbc-4.3.13.RELEASE.jar;E:\repository\org\hibernate\hibernate-core\5.0.12.Final\hibernate-core-5.0.12.Final.jar;E:\repository\org\jboss\logging\jboss-logging\3.3.1.Final\jboss-logging-3.3.1.Final.jar;E:\repository\org\hibernate\javax\persistence\hibernate-jpa-2.1-api\1.0.0.Final\hibernate-jpa-2.1-api-1.0.0.Final.jar;E:\repository\org\javassist\javassist\3.21.0-GA\javassist-3.21.0-GA.jar;E:\repository\antlr\antlr\2.7.7\antlr-2.7.7.jar;E:\repository\org\jboss\jandex\2.0.0.Final\jandex-2.0.0.Final.jar;E:\repository\dom4j\dom4j\1.6.1\dom4j-1.6.1.jar;E:\repository\org\hibernate\common\hibernate-commons-annotations\5.0.1.Final\hibernate-commons-annotations-5.0.1.Final.jar;E:\repository\org\hibernate\hibernate-entitymanager\5.0.12.Final\hibernate-entitymanager-5.0.12.Final.jar;E:\repository\javax\transaction\javax.transaction-api\1.2\javax.transaction-api-1.2.jar;E:\repository\org\springframework\data\spring-data-jpa\1.11.9.RELEASE\spring-data-jpa-1.11.9.RELEASE.jar;E:\repository\org\springframework\data\spring-data-commons\1.13.9.RELEASE\spring-data-commons-1.13.9.RELEASE.jar;E:\repository\org\springframework\spring-orm\4.3.13.RELEASE\spring-orm-4.3.13.RELEASE.jar;E:\repository\org\springframework\spring-context\4.3.13.RELEASE\spring-context-4.3.13.RELEASE.jar;E:\repository\org\springframework\spring-tx\4.3.13.RELEASE\spring-tx-4.3.13.RELEASE.jar;E:\repository\org\springframework\spring-beans\4.3.13.RELEASE\spring-beans-4.3.13.RELEASE.jar;E:\repository\org\slf4j\slf4j-api\1.7.25\slf4j-api-1.7.25.jar;E:\repository\org\slf4j\jcl-over-slf4j\1.7.25\jcl-over-slf4j-1.7.25.jar;E:\repository\org\springframework\spring-aspects\4.3.13.RELEASE\spring-aspects-4.3.13.RELEASE.jar;E:\repository\org\springframework\boot\spring-boot-starter-web\1.5.9.RELEASE\spring-boot-starter-web-1.5.9.RELEASE.jar;E:\repository\org\springframework\boot\spring-boot-starter-tomcat\1.5.9.RELEASE\spring-boot-starter-tomcat-1.5.9.RELEASE.jar;E:\repository\org\apache\tomcat\embed\tomcat-embed-core\8.5.23\tomcat-embed-core-8.5.23.jar;E:\repository\org\apache\tomcat\tomcat-annotations-api\8.5.23\tomcat-annotations-api-8.5.23.jar;E:\repository\org\apache\tomcat\embed\tomcat-embed-el\8.5.23\tomcat-embed-el-8.5.23.jar;E:\repository\org\apache\tomcat\embed\tomcat-embed-websocket\8.5.23\tomcat-embed-websocket-8.5.23.jar;E:\repository\org\hibernate\hibernate-validator\5.3.6.Final\hibernate-validator-5.3.6.Final.jar;E:\repository\javax\validation\validation-api\1.1.0.Final\validation-api-1.1.0.Final.jar;E:\repository\com\fasterxml\classmate\1.3.4\classmate-1.3.4.jar;E:\repository\com\fasterxml\jackson\core\jackson-databind\2.8.10\jackson-databind-2.8.10.jar;E:\repository\com\fasterxml\jackson\core\jackson-annotations\2.8.0\jackson-annotations-2.8.0.jar;E:\repository\com\fasterxml\jackson\core\jackson-core\2.8.10\jackson-core-2.8.10.jar;E:\repository\org\springframework\spring-web\4.3.13.RELEASE\spring-web-4.3.13.RELEASE.jar;E:\repository\org\springframework\spring-webmvc\4.3.13.RELEASE\spring-webmvc-4.3.13.RELEASE.jar;E:\repository\org\springframework\spring-expression\4.3.13.RELEASE\spring-expression-4.3.13.RELEASE.jar;E:\repository\com\alibaba\druid\0.2.23\druid-0.2.23.jar;E:\repository\mysql\mysql-connector-java\5.1.44\mysql-connector-java-5.1.44.jar;E:\repository\org\springframework\boot\spring-boot-starter-test\1.5.9.RELEASE\spring-boot-starter-test-1.5.9.RELEASE.jar;E:\repository\org\springframework\boot\spring-boot-test\1.5.9.RELEASE\spring-boot-test-1.5.9.RELEASE.jar;E:\repository\org\springframework\boot\spring-boot-test-autoconfigure\1.5.9.RELEASE\spring-boot-test-autoconfigure-1.5.9.RELEASE.jar;E:\repository\com\jayway\jsonpath\json-path\2.2.0\json-path-2.2.0.jar;E:\repository\net\minidev\json-smart\2.2.1\json-smart-2.2.1.jar;E:\repository\net\minidev\accessors-smart\1.1\accessors-smart-1.1.jar;E:\repository\org\ow2\asm\asm\5.0.3\asm-5.0.3.jar;E:\repository\junit\junit\4.12\junit-4.12.jar;E:\repository\org\assertj\assertj-core\2.6.0\assertj-core-2.6.0.jar;E:\repository\org\mockito\mockito-core\1.10.19\mockito-core-1.10.19.jar;E:\repository\org\objenesis\objenesis\2.1\objenesis-2.1.jar;E:\repository\org\hamcrest\hamcrest-core\1.3\hamcrest-core-1.3.jar;E:\repository\org\hamcrest\hamcrest-library\1.3\hamcrest-library-1.3.jar;E:\repository\org\skyscreamer\jsonassert\1.4.0\jsonassert-1.4.0.jar;E:\repository\com\vaadin\external\google\android-json\0.0.20131108.vaadin1\android-json-0.0.20131108.vaadin1.jar;E:\repository\org\springframework\spring-core\4.3.13.RELEASE\spring-core-4.3.13.RELEASE.jar;E:\repository\org\springframework\spring-test\4.3.13.RELEASE\spring-test-4.3.13.RELEASE.jar;E:\repository\com\sun\jna\jna\3.0.9\jna-3.0.9.jar;E:\repository\com\squareup\okhttp3\okhttp\3.10.0\okhttp-3.10.0.jar;E:\repository\com\squareup\okio\okio\1.14.0\okio-1.14.0.jar;E:\repository\org\springframework\boot\spring-boot-starter-freemarker\1.5.12.RELEASE\spring-boot-starter-freemarker-1.5.12.RELEASE.jar;E:\repository\org\freemarker\freemarker\2.3.27-incubating\freemarker-2.3.27-incubating.jar;E:\repository\org\springframework\spring-context-support\4.3.13.RELEASE\spring-context-support-4.3.13.RELEASE.jar;E:\repository\org\projectlombok\lombok\1.16.18\lombok-1.16.18.jar;E:\repository\org\seleniumhq\selenium\selenium-firefox-driver\2.53.1\selenium-firefox-driver-2.53.1.jar;E:\repository\org\seleniumhq\selenium\selenium-remote-driver\2.53.1\selenium-remote-driver-2.53.1.jar;E:\repository\cglib\cglib-nodep\2.1_3\cglib-nodep-2.1_3.jar;E:\repository\com\google\code\gson\gson\2.8.2\gson-2.8.2.jar;E:\repository\org\seleniumhq\selenium\selenium-api\2.53.1\selenium-api-2.53.1.jar;E:\repository\org\apache\httpcomponents\httpclient\4.5.3\httpclient-4.5.3.jar;E:\repository\org\apache\httpcomponents\httpcore\4.4.8\httpcore-4.4.8.jar;E:\repository\commons-codec\commons-codec\1.10\commons-codec-1.10.jar;E:\repository\com\google\guava\guava\19.0\guava-19.0.jar;E:\repository\net\java\dev\jna\jna\4.2.2\jna-4.2.2.jar;E:\repository\net\java\dev\jna\jna-platform\4.2.2\jna-platform-4.2.2.jar;E:\repository\commons-io\commons-io\2.4\commons-io-2.4.jar;E:\repository\org\apache\commons\commons-exec\1.3\commons-exec-1.3.jar;E:\repository\net\sourceforge\htmlunit\htmlunit\2.27\htmlunit-2.27.jar;E:\repository\xalan\xalan\2.7.2\xalan-2.7.2.jar;E:\repository\xalan\serializer\2.7.2\serializer-2.7.2.jar;E:\repository\org\apache\commons\commons-lang3\3.5\commons-lang3-3.5.jar;E:\repository\org\apache\httpcomponents\httpmime\4.5.3\httpmime-4.5.3.jar;E:\repository\net\sourceforge\htmlunit\htmlunit-core-js\2.27\htmlunit-core-js-2.27.jar;E:\repository\net\sourceforge\htmlunit\neko-htmlunit\2.27\neko-htmlunit-2.27.jar;E:\repository\xerces\xercesImpl\2.11.0\xercesImpl-2.11.0.jar;E:\repository\xml-apis\xml-apis\1.4.01\xml-apis-1.4.01.jar;E:\repository\net\sourceforge\cssparser\cssparser\0.9.23\cssparser-0.9.23.jar;E:\repository\org\w3c\css\sac\1.3\sac-1.3.jar;E:\repository\org\eclipse\jetty\websocket\websocket-client\9.4.7.v20170914\websocket-client-9.4.7.v20170914.jar;E:\repository\org\eclipse\jetty\jetty-client\9.4.7.v20170914\jetty-client-9.4.7.v20170914.jar;E:\repository\org\eclipse\jetty\jetty-http\9.4.7.v20170914\jetty-http-9.4.7.v20170914.jar;E:\repository\org\eclipse\jetty\jetty-xml\9.4.7.v20170914\jetty-xml-9.4.7.v20170914.jar;E:\repository\org\eclipse\jetty\jetty-util\9.4.7.v20170914\jetty-util-9.4.7.v20170914.jar;E:\repository\org\eclipse\jetty\jetty-io\9.4.7.v20170914\jetty-io-9.4.7.v20170914.jar;E:\repository\org\eclipse\jetty\websocket\websocket-common\9.4.7.v20170914\websocket-common-9.4.7.v20170914.jar;E:\repository\org\eclipse\jetty\websocket\websocket-api\9.4.7.v20170914\websocket-api-9.4.7.v20170914.jar;, java.specification.name=Java Platform API Specification, java.class.version=52.0, sun.management.compiler=HotSpot 64-Bit Tiered Compilers, jpda.listen=true, os.version=10.0, jpda.address=63168, user.home=C:\Users\MRB, user.timezone=Asia/Shanghai, java.awt.printerjob=sun.awt.windows.WPrinterJob, file.encoding=UTF-8, java.specification.version=1.8, java.class.path=F:\github\digger\target\test-classes;F:\github\digger\target\classes;E:\repository\org\springframework\boot\spring-boot-starter-data-jpa\1.5.9.RELEASE\spring-boot-starter-data-jpa-1.5.9.RELEASE.jar;E:\repository\org\springframework\boot\spring-boot-starter\1.5.9.RELEASE\spring-boot-starter-1.5.9.RELEASE.jar;E:\repository\org\springframework\boot\spring-boot\1.5.9.RELEASE\spring-boot-1.5.9.RELEASE.jar;E:\repository\org\springframework\boot\spring-boot-autoconfigure\1.5.9.RELEASE\spring-boot-autoconfigure-1.5.9.RELEASE.jar;E:\repository\org\springframework\boot\spring-boot-starter-logging\1.5.9.RELEASE\spring-boot-starter-logging-1.5.9.RELEASE.jar;E:\repository\ch\qos\logback\logback-classic\1.1.11\logback-classic-1.1.11.jar;E:\repository\ch\qos\logback\logback-core\1.1.11\logback-core-1.1.11.jar;E:\repository\org\slf4j\jul-to-slf4j\1.7.25\jul-to-slf4j-1.7.25.jar;E:\repository\org\slf4j\log4j-over-slf4j\1.7.25\log4j-over-slf4j-1.7.25.jar;E:\repository\org\yaml\snakeyaml\1.17\snakeyaml-1.17.jar;E:\repository\org\springframework\boot\spring-boot-starter-aop\1.5.9.RELEASE\spring-boot-starter-aop-1.5.9.RELEASE.jar;E:\repository\org\springframework\spring-aop\4.3.13.RELEASE\spring-aop-4.3.13.RELEASE.jar;E:\repository\org\aspectj\aspectjweaver\1.8.13\aspectjweaver-1.8.13.jar;E:\repository\org\springframework\boot\spring-boot-starter-jdbc\1.5.9.RELEASE\spring-boot-starter-jdbc-1.5.9.RELEASE.jar;E:\repository\org\apache\tomcat\tomcat-jdbc\8.5.23\tomcat-jdbc-8.5.23.jar;E:\repository\org\apache\tomcat\tomcat-juli\8.5.23\tomcat-juli-8.5.23.jar;E:\repository\org\springframework\spring-jdbc\4.3.13.RELEASE\spring-jdbc-4.3.13.RELEASE.jar;E:\repository\org\hibernate\hibernate-core\5.0.12.Final\hibernate-core-5.0.12.Final.jar;E:\repository\org\jboss\logging\jboss-logging\3.3.1.Final\jboss-logging-3.3.1.Final.jar;E:\repository\org\hibernate\javax\persistence\hibernate-jpa-2.1-api\1.0.0.Final\hibernate-jpa-2.1-api-1.0.0.Final.jar;E:\repository\org\javassist\javassist\3.21.0-GA\javassist-3.21.0-GA.jar;E:\repository\antlr\antlr\2.7.7\antlr-2.7.7.jar;E:\repository\org\jboss\jandex\2.0.0.Final\jandex-2.0.0.Final.jar;E:\repository\dom4j\dom4j\1.6.1\dom4j-1.6.1.jar;E:\repository\org\hibernate\common\hibernate-commons-annotations\5.0.1.Final\hibernate-commons-annotations-5.0.1.Final.jar;E:\repository\org\hibernate\hibernate-entitymanager\5.0.12.Final\hibernate-entitymanager-5.0.12.Final.jar;E:\repository\javax\transaction\javax.transaction-api\1.2\javax.transaction-api-1.2.jar;E:\repository\org\springframework\data\spring-data-jpa\1.11.9.RELEASE\spring-data-jpa-1.11.9.RELEASE.jar;E:\repository\org\springframework\data\spring-data-commons\1.13.9.RELEASE\spring-data-commons-1.13.9.RELEASE.jar;E:\repository\org\springframework\spring-orm\4.3.13.RELEASE\spring-orm-4.3.13.RELEASE.jar;E:\repository\org\springframework\spring-context\4.3.13.RELEASE\spring-context-4.3.13.RELEASE.jar;E:\repository\org\springframework\spring-tx\4.3.13.RELEASE\spring-tx-4.3.13.RELEASE.jar;E:\repository\org\springframework\spring-beans\4.3.13.RELEASE\spring-beans-4.3.13.RELEASE.jar;E:\repository\org\slf4j\slf4j-api\1.7.25\slf4j-api-1.7.25.jar;E:\repository\org\slf4j\jcl-over-slf4j\1.7.25\jcl-over-slf4j-1.7.25.jar;E:\repository\org\springframework\spring-aspects\4.3.13.RELEASE\spring-aspects-4.3.13.RELEASE.jar;E:\repository\org\springframework\boot\spring-boot-starter-web\1.5.9.RELEASE\spring-boot-starter-web-1.5.9.RELEASE.jar;E:\repository\org\springframework\boot\spring-boot-starter-tomcat\1.5.9.RELEASE\spring-boot-starter-tomcat-1.5.9.RELEASE.jar;E:\repository\org\apache\tomcat\embed\tomcat-embed-core\8.5.23\tomcat-embed-core-8.5.23.jar;E:\repository\org\apache\tomcat\tomcat-annotations-api\8.5.23\tomcat-annotations-api-8.5.23.jar;E:\repository\org\apache\tomcat\embed\tomcat-embed-el\8.5.23\tomcat-embed-el-8.5.23.jar;E:\repository\org\apache\tomcat\embed\tomcat-embed-websocket\8.5.23\tomcat-embed-websocket-8.5.23.jar;E:\repository\org\hibernate\hibernate-validator\5.3.6.Final\hibernate-validator-5.3.6.Final.jar;E:\repository\javax\validation\validation-api\1.1.0.Final\validation-api-1.1.0.Final.jar;E:\repository\com\fasterxml\classmate\1.3.4\classmate-1.3.4.jar;E:\repository\com\fasterxml\jackson\core\jackson-databind\2.8.10\jackson-databind-2.8.10.jar;E:\repository\com\fasterxml\jackson\core\jackson-annotations\2.8.0\jackson-annotations-2.8.0.jar;E:\repository\com\fasterxml\jackson\core\jackson-core\2.8.10\jackson-core-2.8.10.jar;E:\repository\org\springframework\spring-web\4.3.13.RELEASE\spring-web-4.3.13.RELEASE.jar;E:\repository\org\springframework\spring-webmvc\4.3.13.RELEASE\spring-webmvc-4.3.13.RELEASE.jar;E:\repository\org\springframework\spring-expression\4.3.13.RELEASE\spring-expression-4.3.13.RELEASE.jar;E:\repository\com\alibaba\druid\0.2.23\druid-0.2.23.jar;E:\repository\mysql\mysql-connector-java\5.1.44\mysql-connector-java-5.1.44.jar;E:\repository\org\springframework\boot\spring-boot-starter-test\1.5.9.RELEASE\spring-boot-starter-test-1.5.9.RELEASE.jar;E:\repository\org\springframework\boot\spring-boot-test\1.5.9.RELEASE\spring-boot-test-1.5.9.RELEASE.jar;E:\repository\org\springframework\boot\spring-boot-test-autoconfigure\1.5.9.RELEASE\spring-boot-test-autoconfigure-1.5.9.RELEASE.jar;E:\repository\com\jayway\jsonpath\json-path\2.2.0\json-path-2.2.0.jar;E:\repository\net\minidev\json-smart\2.2.1\json-smart-2.2.1.jar;E:\repository\net\minidev\accessors-smart\1.1\accessors-smart-1.1.jar;E:\repository\org\ow2\asm\asm\5.0.3\asm-5.0.3.jar;E:\repository\junit\junit\4.12\junit-4.12.jar;E:\repository\org\assertj\assertj-core\2.6.0\assertj-core-2.6.0.jar;E:\repository\org\mockito\mockito-core\1.10.19\mockito-core-1.10.19.jar;E:\repository\org\objenesis\objenesis\2.1\objenesis-2.1.jar;E:\repository\org\hamcrest\hamcrest-core\1.3\hamcrest-core-1.3.jar;E:\repository\org\hamcrest\hamcrest-library\1.3\hamcrest-library-1.3.jar;E:\repository\org\skyscreamer\jsonassert\1.4.0\jsonassert-1.4.0.jar;E:\repository\com\vaadin\external\google\android-json\0.0.20131108.vaadin1\android-json-0.0.20131108.vaadin1.jar;E:\repository\org\springframework\spring-core\4.3.13.RELEASE\spring-core-4.3.13.RELEASE.jar;E:\repository\org\springframework\spring-test\4.3.13.RELEASE\spring-test-4.3.13.RELEASE.jar;E:\repository\com\sun\jna\jna\3.0.9\jna-3.0.9.jar;E:\repository\com\squareup\okhttp3\okhttp\3.10.0\okhttp-3.10.0.jar;E:\repository\com\squareup\okio\okio\1.14.0\okio-1.14.0.jar;E:\repository\org\springframework\boot\spring-boot-starter-freemarker\1.5.12.RELEASE\spring-boot-starter-freemarker-1.5.12.RELEASE.jar;E:\repository\org\freemarker\freemarker\2.3.27-incubating\freemarker-2.3.27-incubating.jar;E:\repository\org\springframework\spring-context-support\4.3.13.RELEASE\spring-context-support-4.3.13.RELEASE.jar;E:\repository\org\projectlombok\lombok\1.16.18\lombok-1.16.18.jar;E:\repository\org\seleniumhq\selenium\selenium-firefox-driver\2.53.1\selenium-firefox-driver-2.53.1.jar;E:\repository\org\seleniumhq\selenium\selenium-remote-driver\2.53.1\selenium-remote-driver-2.53.1.jar;E:\repository\cglib\cglib-nodep\2.1_3\cglib-nodep-2.1_3.jar;E:\repository\com\google\code\gson\gson\2.8.2\gson-2.8.2.jar;E:\repository\org\seleniumhq\selenium\selenium-api\2.53.1\selenium-api-2.53.1.jar;E:\repository\org\apache\httpcomponents\httpclient\4.5.3\httpclient-4.5.3.jar;E:\repository\org\apache\httpcomponents\httpcore\4.4.8\httpcore-4.4.8.jar;E:\repository\commons-codec\commons-codec\1.10\commons-codec-1.10.jar;E:\repository\com\google\guava\guava\19.0\guava-19.0.jar;E:\repository\net\java\dev\jna\jna\4.2.2\jna-4.2.2.jar;E:\repository\net\java\dev\jna\jna-platform\4.2.2\jna-platform-4.2.2.jar;E:\repository\commons-io\commons-io\2.4\commons-io-2.4.jar;E:\repository\org\apache\commons\commons-exec\1.3\commons-exec-1.3.jar;E:\repository\net\sourceforge\htmlunit\htmlunit\2.27\htmlunit-2.27.jar;E:\repository\xalan\xalan\2.7.2\xalan-2.7.2.jar;E:\repository\xalan\serializer\2.7.2\serializer-2.7.2.jar;E:\repository\org\apache\commons\commons-lang3\3.5\commons-lang3-3.5.jar;E:\repository\org\apache\httpcomponents\httpmime\4.5.3\httpmime-4.5.3.jar;E:\repository\net\sourceforge\htmlunit\htmlunit-core-js\2.27\htmlunit-core-js-2.27.jar;E:\repository\net\sourceforge\htmlunit\neko-htmlunit\2.27\neko-htmlunit-2.27.jar;E:\repository\xerces\xercesImpl\2.11.0\xercesImpl-2.11.0.jar;E:\repository\xml-apis\xml-apis\1.4.01\xml-apis-1.4.01.jar;E:\repository\net\sourceforge\cssparser\cssparser\0.9.23\cssparser-0.9.23.jar;E:\repository\org\w3c\css\sac\1.3\sac-1.3.jar;E:\repository\org\eclipse\jetty\websocket\websocket-client\9.4.7.v20170914\websocket-client-9.4.7.v20170914.jar;E:\repository\org\eclipse\jetty\jetty-client\9.4.7.v20170914\jetty-client-9.4.7.v20170914.jar;E:\repository\org\eclipse\jetty\jetty-http\9.4.7.v20170914\jetty-http-9.4.7.v20170914.jar;E:\repository\org\eclipse\jetty\jetty-xml\9.4.7.v20170914\jetty-xml-9.4.7.v20170914.jar;E:\repository\org\eclipse\jetty\jetty-util\9.4.7.v20170914\jetty-util-9.4.7.v20170914.jar;E:\repository\org\eclipse\jetty\jetty-io\9.4.7.v20170914\jetty-io-9.4.7.v20170914.jar;E:\repository\org\eclipse\jetty\websocket\websocket-common\9.4.7.v20170914\websocket-common-9.4.7.v20170914.jar;E:\repository\org\eclipse\jetty\websocket\websocket-api\9.4.7.v20170914\websocket-api-9.4.7.v20170914.jar;, user.name=MRB, maven.surefire.debug=-Xdebug -Xrunjdwp:transport=dt_socket,server=n,address=63168, java.vm.specification.version=1.8, sun.java.command=F:\github\digger\target\surefire\surefirebooter7785238724491486682.jar F:\github\digger\target\surefire\surefire5245276897423271315tmp F:\github\digger\target\surefire\surefire_05543478463102638241tmp, java.home=C:\Program Files\Java\jdk1.8.0_131\jre, sun.arch.data.model=64, user.language=zh, java.specification.vendor=Oracle Corporation, awt.toolkit=sun.awt.windows.WToolkit, java.vm.info=mixed mode, java.version=1.8.0_131, java.ext.dirs=C:\Program Files\Java\jdk1.8.0_131\jre\lib\ext;C:\WINDOWS\Sun\Java\lib\ext, sun.boot.class.path=C:\Program Files\Java\jdk1.8.0_131\jre\lib\resources.jar;C:\Program Files\Java\jdk1.8.0_131\jre\lib\rt.jar;C:\Program Files\Java\jdk1.8.0_131\jre\lib\sunrsasign.jar;C:\Program Files\Java\jdk1.8.0_131\jre\lib\jsse.jar;C:\Program Files\Java\jdk1.8.0_131\jre\lib\jce.jar;C:\Program Files\Java\jdk1.8.0_131\jre\lib\charsets.jar;C:\Program Files\Java\jdk1.8.0_131\jre\lib\jfr.jar;C:\Program Files\Java\jdk1.8.0_131\jre\classes, java.vendor=Oracle Corporation, localRepository=E:\repository, file.separator=\, forkMode=once, java.vendor.url.bug=http://bugreport.sun.com/bugreport/, sun.io.unicode.encoding=UnicodeLittle, sun.cpu.endian=little, sun.desktop=windows, sun.cpu.isalist=amd64}}, SystemEnvironmentPropertySource@1110031167 {name='systemEnvironment', properties={PATH=C:\ProgramData\Oracle\Java\javapath;C:\Program Files\Java\jdk1.8.0_131/bin;E:\apache-maven-3.5.0/bin;C:\Program Files (x86)\Intel\iCLS Client\;C:\Program Files\Intel\iCLS Client\;C:\Windows\system32;C:\Windows;C:\Windows\System32\Wbem;C:\Windows\System32\WindowsPowerShell\v1.0\;C:\Program Files (x86)\NVIDIA Corporation\PhysX\Common;C:\Program Files (x86)\Intel\Intel(R) Management Engine Components\DAL;C:\Program Files\Intel\Intel(R) Management Engine Components\DAL;C:\Program Files (x86)\Intel\Intel(R) Management Engine Components\IPT;C:\Program Files\Intel\Intel(R) Management Engine Components\IPT;C:\Program Files\TortoiseSVN\bin;C:\WINDOWS\system32;C:\WINDOWS;C:\WINDOWS\System32\Wbem;C:\WINDOWS\System32\WindowsPowerShell\v1.0\;E:\zookeeper\zookeeper-3.4.11\bin;E:\zookeeper\zookeeper-3.4.11\conf;E:\apache-tomcat-7.0.79\bin;E:\apache-tomcat-7.0.79\lib;E:\glassfish4\glassfish\bin;E:\glassfish4\glassfish\lib;C:\Program Files\nodejs\;C:\Program Files\MySQL\MySQL Utilities 1.6\;C:\Program Files\Git\cmd;C:\Users\MRB\AppData\Local\Microsoft\WindowsApps;C:\Users\MRB\AppData\Roaming\npm, USERDOMAIN_ROAMINGPROFILE=DESKTOP-9EQJ4QP, PROCESSOR_LEVEL=6, SYSTEMDRIVE=C:, SESSIONNAME=Console, ALLUSERSPROFILE=C:\ProgramData, PROCESSOR_ARCHITECTURE=AMD64, MAVEN_HOME=E:\apache-maven-3.5.0\bin\.., NB_EXEC_MAVEN_PROCESS_UUID=e59c9de4-78ed-4522-a52b-6fbfbede094d, PROGRAMFILES=C:\Program Files, PSMODULEPATH=C:\Program Files\WindowsPowerShell\Modules;C:\WINDOWS\system32\WindowsPowerShell\v1.0\Modules, PROGRAMDATA=C:\ProgramData, USERNAME=MRB, WDIR=F:\, FPS_BROWSER_USER_PROFILE_STRING=Default, ONEDRIVE=C:\Users\MRB\OneDrive, PATHEXT=.COM;.EXE;.BAT;.CMD;.VBS;.VBE;.JS;.JSE;.WSF;.WSH;.MSC, CLASSWORLDS_JAR="E:\apache-maven-3.5.0\bin\..\boot\plexus-classworlds-2.5.2.jar", WINDIR=C:\WINDOWS, =F:=F:\github\digger, HOMEPATH=\Users\MRB, PROCESSOR_IDENTIFIER=Intel64 Family 6 Model 142 Stepping 9, GenuineIntel, M2_HOME=E:\apache-maven-3.5.0, PUBLIC=C:\Users\Public, =::=::\, ZOOKEEPER_HOME=E:\zookeeper\zookeeper-3.4.11, LOCALAPPDATA=C:\Users\MRB\AppData\Local, COMMONPROGRAMFILES(X86)=C:\Program Files (x86)\Common Files, USERDOMAIN=DESKTOP-9EQJ4QP, FPS_BROWSER_APP_PROFILE_STRING=Internet Explorer, LOGONSERVER=\\DESKTOP-9EQJ4QP, JAVA_HOME=C:\Program Files\Java\jdk1.8.0_131, PROMPT=$P$G, PROGRAMFILES(X86)=C:\Program Files (x86), GLASSFISH_HOME=E:\glassfish4\glassfish, ERROR_CODE=0, EXEC_DIR=F:\github\digger, APPDATA=C:\Users\MRB\AppData\Roaming, PROGRAMW6432=C:\Program Files, SYSTEMROOT=C:\WINDOWS, MAVEN_CMD_LINE_ARGS=-Dtest=com.mrb.digger.LoanTest#testTransaction -DforkMode=once -Dmaven.surefire.debug="-Xdebug -Xrunjdwp:transport=dt_socket,server=n,address=63168" -Djpda.listen=true -Djpda.address=63168 -Dmaven.ext.class.path="C:\Program Files\NetBeans 8.2\java\maven-nblib\netbeans-eventspy.jar" -Dfile.encoding=UTF-8 surefire:test, NETBEANSPROJECTMAPPINGS=, OS=Windows_NT, COMMONPROGRAMW6432=C:\Program Files\Common Files, COMPUTERNAME=DESKTOP-9EQJ4QP, COMMONPROGRAMFILES=C:\Program Files\Common Files, COMSPEC=C:\WINDOWS\system32\cmd.exe, CATALINA_HOME=E:\apache-tomcat-7.0.79, JAVACMD=C:\Program Files\Java\jdk1.8.0_131\bin\java.exe, MAVEN_PROJECTBASEDIR=F:\github\digger, PROCESSOR_REVISION=8e09, CLASSWORLDS_LAUNCHER=org.codehaus.plexus.classworlds.launcher.Launcher, TEMP=C:\Users\MRB\AppData\Local\Temp, HOMEDRIVE=C:, USERPROFILE=C:\Users\MRB, TMP=C:\Users\MRB\AppData\Local\Temp, NUMBER_OF_PROCESSORS=4, JVMCONFIG=\.mvn\jvm.config}}]
22:32:51.746 [main] INFO org.springframework.boot.test.context.SpringBootTestContextBootstrapper - Found @SpringBootConfiguration com.mrb.digger.DiggerApplication for test class com.mrb.digger.LoanTest
22:32:51.750 [main] DEBUG org.springframework.boot.test.context.SpringBootTestContextBootstrapper - @TestExecutionListeners is not present for class [com.mrb.digger.LoanTest]: using defaults.
22:32:51.752 [main] INFO org.springframework.boot.test.context.SpringBootTestContextBootstrapper - Loaded default TestExecutionListener class names from location [META-INF/spring.factories]: [org.springframework.boot.test.mock.mockito.MockitoTestExecutionListener, org.springframework.boot.test.mock.mockito.ResetMocksTestExecutionListener, org.springframework.boot.test.autoconfigure.restdocs.RestDocsTestExecutionListener, org.springframework.boot.test.autoconfigure.web.client.MockRestServiceServerResetTestExecutionListener, org.springframework.boot.test.autoconfigure.web.servlet.MockMvcPrintOnlyOnFailureTestExecutionListener, org.springframework.boot.test.autoconfigure.web.servlet.WebDriverTestExecutionListener, org.springframework.test.context.web.ServletTestExecutionListener, org.springframework.test.context.support.DirtiesContextBeforeModesTestExecutionListener, org.springframework.test.context.support.DependencyInjectionTestExecutionListener, org.springframework.test.context.support.DirtiesContextTestExecutionListener, org.springframework.test.context.transaction.TransactionalTestExecutionListener, org.springframework.test.context.jdbc.SqlScriptsTestExecutionListener]
22:32:51.755 [main] INFO org.springframework.boot.test.context.SpringBootTestContextBootstrapper - Using TestExecutionListeners: [org.springframework.test.context.web.ServletTestExecutionListener@5d0a1059, org.springframework.test.context.support.DirtiesContextBeforeModesTestExecutionListener@485966cc, org.springframework.boot.test.autoconfigure.SpringBootDependencyInjectionTestExecutionListener@1de76cc7, org.springframework.test.context.support.DirtiesContextTestExecutionListener@54bff557, org.springframework.test.context.transaction.TransactionalTestExecutionListener@593aaf41, org.springframework.test.context.jdbc.SqlScriptsTestExecutionListener@5a56cdac, org.springframework.boot.test.mock.mockito.MockitoTestExecutionListener@7c711375, org.springframework.boot.test.mock.mockito.ResetMocksTestExecutionListener@57cf54e1, org.springframework.boot.test.autoconfigure.restdocs.RestDocsTestExecutionListener@5b03b9fe, org.springframework.boot.test.autoconfigure.web.servlet.WebDriverTestExecutionListener@37d4349f, org.springframework.boot.test.autoconfigure.web.servlet.MockMvcPrintOnlyOnFailureTestExecutionListener@434a63ab, org.springframework.boot.test.autoconfigure.web.client.MockRestServiceServerResetTestExecutionListener@6e0f5f7f]
22:32:51.756 [main] DEBUG org.springframework.test.annotation.ProfileValueUtils - Retrieved @ProfileValueSourceConfiguration [null] for test class [com.mrb.digger.LoanTest]
22:32:51.756 [main] DEBUG org.springframework.test.annotation.ProfileValueUtils - Retrieved ProfileValueSource type [class org.springframework.test.annotation.SystemProfileValueSource] for class [com.mrb.digger.LoanTest]
22:32:51.757 [main] DEBUG org.springframework.test.annotation.ProfileValueUtils - Retrieved @ProfileValueSourceConfiguration [null] for test class [com.mrb.digger.LoanTest]
22:32:51.757 [main] DEBUG org.springframework.test.annotation.ProfileValueUtils - Retrieved ProfileValueSource type [class org.springframework.test.annotation.SystemProfileValueSource] for class [com.mrb.digger.LoanTest]
22:32:51.761 [main] DEBUG org.springframework.test.context.support.AbstractDirtiesContextTestExecutionListener - Before test class: context [DefaultTestContext@67f639d3 testClass = LoanTest, testInstance = [null], testMethod = [null], testException = [null], mergedContextConfiguration = [WebMergedContextConfiguration@6253c26 testClass = LoanTest, locations = '{}', classes = '{class com.mrb.digger.DiggerApplication}', contextInitializerClasses = '[]', activeProfiles = '{}', propertySourceLocations = '{}', propertySourceProperties = '{org.springframework.boot.test.context.SpringBootTestContextBootstrapper=true}', contextCustomizers = set[org.springframework.boot.test.context.SpringBootTestContextCustomizer@7c729a55, org.springframework.boot.test.context.filter.ExcludeFilterContextCustomizer@5af3afd9, org.springframework.boot.test.json.DuplicateJsonObjectContextCustomizerFactory$DuplicateJsonObjectContextCustomizer@694abbdc, org.springframework.boot.test.mock.mockito.MockitoContextCustomizer@0, org.springframework.boot.test.autoconfigure.properties.PropertyMappingContextCustomizer@0, org.springframework.boot.test.autoconfigure.web.servlet.WebDriverContextCustomizerFactory$Customizer@49ec71f8], resourceBasePath = 'src/main/webapp', contextLoader = 'org.springframework.boot.test.context.SpringBootContextLoader', parent = [null]]], class annotated with @DirtiesContext [false] with mode [null].
22:32:51.762 [main] DEBUG org.springframework.test.annotation.ProfileValueUtils - Retrieved @ProfileValueSourceConfiguration [null] for test class [com.mrb.digger.LoanTest]
22:32:51.762 [main] DEBUG org.springframework.test.annotation.ProfileValueUtils - Retrieved ProfileValueSource type [class org.springframework.test.annotation.SystemProfileValueSource] for class [com.mrb.digger.LoanTest]
22:32:51.831 [main] DEBUG org.springframework.core.env.StandardEnvironment - Adding PropertySource 'systemProperties' with lowest search precedence
22:32:51.832 [main] DEBUG org.springframework.core.env.StandardEnvironment - Adding PropertySource 'systemEnvironment' with lowest search precedence
22:32:51.832 [main] DEBUG org.springframework.core.env.StandardEnvironment - Initialized StandardEnvironment with PropertySources [MapPropertySource@570794077 {name='systemProperties', properties={java.runtime.name=Java(TM) SE Runtime Environment, sun.boot.library.path=C:\Program Files\Java\jdk1.8.0_131\jre\bin, java.vm.version=25.131-b11, java.vm.vendor=Oracle Corporation, java.vendor.url=http://java.oracle.com/, path.separator=;, java.vm.name=Java HotSpot(TM) 64-Bit Server VM, file.encoding.pkg=sun.io, user.country=CN, user.script=, sun.java.launcher=SUN_STANDARD, sun.os.patch.level=, test=com.mrb.digger.LoanTest#testTransaction, java.vm.specification.name=Java Virtual Machine Specification, user.dir=F:\github\digger, java.runtime.version=1.8.0_131-b11, basedir=F:\github\digger, java.awt.graphicsenv=sun.awt.Win32GraphicsEnvironment, java.endorsed.dirs=C:\Program Files\Java\jdk1.8.0_131\jre\lib\endorsed, os.arch=amd64, surefire.real.class.path=F:\github\digger\target\surefire\surefirebooter7785238724491486682.jar, java.io.tmpdir=C:\Users\MRB\AppData\Local\Temp\, line.separator=
, java.vm.specification.vendor=Oracle Corporation, user.variant=, os.name=Windows 10, maven.ext.class.path=C:\Program Files\NetBeans 8.2\java\maven-nblib\netbeans-eventspy.jar, sun.jnu.encoding=GBK, java.library.path=C:\Program Files\Java\jdk1.8.0_131\jre\bin;C:\WINDOWS\Sun\Java\bin;C:\WINDOWS\system32;C:\WINDOWS;C:\ProgramData\Oracle\Java\javapath;C:\Program Files\Java\jdk1.8.0_131/bin;E:\apache-maven-3.5.0/bin;C:\Program Files (x86)\Intel\iCLS Client\;C:\Program Files\Intel\iCLS Client\;C:\Windows\system32;C:\Windows;C:\Windows\System32\Wbem;C:\Windows\System32\WindowsPowerShell\v1.0\;C:\Program Files (x86)\NVIDIA Corporation\PhysX\Common;C:\Program Files (x86)\Intel\Intel(R) Management Engine Components\DAL;C:\Program Files\Intel\Intel(R) Management Engine Components\DAL;C:\Program Files (x86)\Intel\Intel(R) Management Engine Components\IPT;C:\Program Files\Intel\Intel(R) Management Engine Components\IPT;C:\Program Files\TortoiseSVN\bin;C:\WINDOWS\system32;C:\WINDOWS;C:\WINDOWS\System32\Wbem;C:\WINDOWS\System32\WindowsPowerShell\v1.0\;E:\zookeeper\zookeeper-3.4.11\bin;E:\zookeeper\zookeeper-3.4.11\conf;E:\apache-tomcat-7.0.79\bin;E:\apache-tomcat-7.0.79\lib;E:\glassfish4\glassfish\bin;E:\glassfish4\glassfish\lib;C:\Program Files\nodejs\;C:\Program Files\MySQL\MySQL Utilities 1.6\;C:\Program Files\Git\cmd;C:\Users\MRB\AppData\Local\Microsoft\WindowsApps;C:\Users\MRB\AppData\Roaming\npm;., surefire.test.class.path=F:\github\digger\target\test-classes;F:\github\digger\target\classes;E:\repository\org\springframework\boot\spring-boot-starter-data-jpa\1.5.9.RELEASE\spring-boot-starter-data-jpa-1.5.9.RELEASE.jar;E:\repository\org\springframework\boot\spring-boot-starter\1.5.9.RELEASE\spring-boot-starter-1.5.9.RELEASE.jar;E:\repository\org\springframework\boot\spring-boot\1.5.9.RELEASE\spring-boot-1.5.9.RELEASE.jar;E:\repository\org\springframework\boot\spring-boot-autoconfigure\1.5.9.RELEASE\spring-boot-autoconfigure-1.5.9.RELEASE.jar;E:\repository\org\springframework\boot\spring-boot-starter-logging\1.5.9.RELEASE\spring-boot-starter-logging-1.5.9.RELEASE.jar;E:\repository\ch\qos\logback\logback-classic\1.1.11\logback-classic-1.1.11.jar;E:\repository\ch\qos\logback\logback-core\1.1.11\logback-core-1.1.11.jar;E:\repository\org\slf4j\jul-to-slf4j\1.7.25\jul-to-slf4j-1.7.25.jar;E:\repository\org\slf4j\log4j-over-slf4j\1.7.25\log4j-over-slf4j-1.7.25.jar;E:\repository\org\yaml\snakeyaml\1.17\snakeyaml-1.17.jar;E:\repository\org\springframework\boot\spring-boot-starter-aop\1.5.9.RELEASE\spring-boot-starter-aop-1.5.9.RELEASE.jar;E:\repository\org\springframework\spring-aop\4.3.13.RELEASE\spring-aop-4.3.13.RELEASE.jar;E:\repository\org\aspectj\aspectjweaver\1.8.13\aspectjweaver-1.8.13.jar;E:\repository\org\springframework\boot\spring-boot-starter-jdbc\1.5.9.RELEASE\spring-boot-starter-jdbc-1.5.9.RELEASE.jar;E:\repository\org\apache\tomcat\tomcat-jdbc\8.5.23\tomcat-jdbc-8.5.23.jar;E:\repository\org\apache\tomcat\tomcat-juli\8.5.23\tomcat-juli-8.5.23.jar;E:\repository\org\springframework\spring-jdbc\4.3.13.RELEASE\spring-jdbc-4.3.13.RELEASE.jar;E:\repository\org\hibernate\hibernate-core\5.0.12.Final\hibernate-core-5.0.12.Final.jar;E:\repository\org\jboss\logging\jboss-logging\3.3.1.Final\jboss-logging-3.3.1.Final.jar;E:\repository\org\hibernate\javax\persistence\hibernate-jpa-2.1-api\1.0.0.Final\hibernate-jpa-2.1-api-1.0.0.Final.jar;E:\repository\org\javassist\javassist\3.21.0-GA\javassist-3.21.0-GA.jar;E:\repository\antlr\antlr\2.7.7\antlr-2.7.7.jar;E:\repository\org\jboss\jandex\2.0.0.Final\jandex-2.0.0.Final.jar;E:\repository\dom4j\dom4j\1.6.1\dom4j-1.6.1.jar;E:\repository\org\hibernate\common\hibernate-commons-annotations\5.0.1.Final\hibernate-commons-annotations-5.0.1.Final.jar;E:\repository\org\hibernate\hibernate-entitymanager\5.0.12.Final\hibernate-entitymanager-5.0.12.Final.jar;E:\repository\javax\transaction\javax.transaction-api\1.2\javax.transaction-api-1.2.jar;E:\repository\org\springframework\data\spring-data-jpa\1.11.9.RELEASE\spring-data-jpa-1.11.9.RELEASE.jar;E:\repository\org\springframework\data\spring-data-commons\1.13.9.RELEASE\spring-data-commons-1.13.9.RELEASE.jar;E:\repository\org\springframework\spring-orm\4.3.13.RELEASE\spring-orm-4.3.13.RELEASE.jar;E:\repository\org\springframework\spring-context\4.3.13.RELEASE\spring-context-4.3.13.RELEASE.jar;E:\repository\org\springframework\spring-tx\4.3.13.RELEASE\spring-tx-4.3.13.RELEASE.jar;E:\repository\org\springframework\spring-beans\4.3.13.RELEASE\spring-beans-4.3.13.RELEASE.jar;E:\repository\org\slf4j\slf4j-api\1.7.25\slf4j-api-1.7.25.jar;E:\repository\org\slf4j\jcl-over-slf4j\1.7.25\jcl-over-slf4j-1.7.25.jar;E:\repository\org\springframework\spring-aspects\4.3.13.RELEASE\spring-aspects-4.3.13.RELEASE.jar;E:\repository\org\springframework\boot\spring-boot-starter-web\1.5.9.RELEASE\spring-boot-starter-web-1.5.9.RELEASE.jar;E:\repository\org\springframework\boot\spring-boot-starter-tomcat\1.5.9.RELEASE\spring-boot-starter-tomcat-1.5.9.RELEASE.jar;E:\repository\org\apache\tomcat\embed\tomcat-embed-core\8.5.23\tomcat-embed-core-8.5.23.jar;E:\repository\org\apache\tomcat\tomcat-annotations-api\8.5.23\tomcat-annotations-api-8.5.23.jar;E:\repository\org\apache\tomcat\embed\tomcat-embed-el\8.5.23\tomcat-embed-el-8.5.23.jar;E:\repository\org\apache\tomcat\embed\tomcat-embed-websocket\8.5.23\tomcat-embed-websocket-8.5.23.jar;E:\repository\org\hibernate\hibernate-validator\5.3.6.Final\hibernate-validator-5.3.6.Final.jar;E:\repository\javax\validation\validation-api\1.1.0.Final\validation-api-1.1.0.Final.jar;E:\repository\com\fasterxml\classmate\1.3.4\classmate-1.3.4.jar;E:\repository\com\fasterxml\jackson\core\jackson-databind\2.8.10\jackson-databind-2.8.10.jar;E:\repository\com\fasterxml\jackson\core\jackson-annotations\2.8.0\jackson-annotations-2.8.0.jar;E:\repository\com\fasterxml\jackson\core\jackson-core\2.8.10\jackson-core-2.8.10.jar;E:\repository\org\springframework\spring-web\4.3.13.RELEASE\spring-web-4.3.13.RELEASE.jar;E:\repository\org\springframework\spring-webmvc\4.3.13.RELEASE\spring-webmvc-4.3.13.RELEASE.jar;E:\repository\org\springframework\spring-expression\4.3.13.RELEASE\spring-expression-4.3.13.RELEASE.jar;E:\repository\com\alibaba\druid\0.2.23\druid-0.2.23.jar;E:\repository\mysql\mysql-connector-java\5.1.44\mysql-connector-java-5.1.44.jar;E:\repository\org\springframework\boot\spring-boot-starter-test\1.5.9.RELEASE\spring-boot-starter-test-1.5.9.RELEASE.jar;E:\repository\org\springframework\boot\spring-boot-test\1.5.9.RELEASE\spring-boot-test-1.5.9.RELEASE.jar;E:\repository\org\springframework\boot\spring-boot-test-autoconfigure\1.5.9.RELEASE\spring-boot-test-autoconfigure-1.5.9.RELEASE.jar;E:\repository\com\jayway\jsonpath\json-path\2.2.0\json-path-2.2.0.jar;E:\repository\net\minidev\json-smart\2.2.1\json-smart-2.2.1.jar;E:\repository\net\minidev\accessors-smart\1.1\accessors-smart-1.1.jar;E:\repository\org\ow2\asm\asm\5.0.3\asm-5.0.3.jar;E:\repository\junit\junit\4.12\junit-4.12.jar;E:\repository\org\assertj\assertj-core\2.6.0\assertj-core-2.6.0.jar;E:\repository\org\mockito\mockito-core\1.10.19\mockito-core-1.10.19.jar;E:\repository\org\objenesis\objenesis\2.1\objenesis-2.1.jar;E:\repository\org\hamcrest\hamcrest-core\1.3\hamcrest-core-1.3.jar;E:\repository\org\hamcrest\hamcrest-library\1.3\hamcrest-library-1.3.jar;E:\repository\org\skyscreamer\jsonassert\1.4.0\jsonassert-1.4.0.jar;E:\repository\com\vaadin\external\google\android-json\0.0.20131108.vaadin1\android-json-0.0.20131108.vaadin1.jar;E:\repository\org\springframework\spring-core\4.3.13.RELEASE\spring-core-4.3.13.RELEASE.jar;E:\repository\org\springframework\spring-test\4.3.13.RELEASE\spring-test-4.3.13.RELEASE.jar;E:\repository\com\sun\jna\jna\3.0.9\jna-3.0.9.jar;E:\repository\com\squareup\okhttp3\okhttp\3.10.0\okhttp-3.10.0.jar;E:\repository\com\squareup\okio\okio\1.14.0\okio-1.14.0.jar;E:\repository\org\springframework\boot\spring-boot-starter-freemarker\1.5.12.RELEASE\spring-boot-starter-freemarker-1.5.12.RELEASE.jar;E:\repository\org\freemarker\freemarker\2.3.27-incubating\freemarker-2.3.27-incubating.jar;E:\repository\org\springframework\spring-context-support\4.3.13.RELEASE\spring-context-support-4.3.13.RELEASE.jar;E:\repository\org\projectlombok\lombok\1.16.18\lombok-1.16.18.jar;E:\repository\org\seleniumhq\selenium\selenium-firefox-driver\2.53.1\selenium-firefox-driver-2.53.1.jar;E:\repository\org\seleniumhq\selenium\selenium-remote-driver\2.53.1\selenium-remote-driver-2.53.1.jar;E:\repository\cglib\cglib-nodep\2.1_3\cglib-nodep-2.1_3.jar;E:\repository\com\google\code\gson\gson\2.8.2\gson-2.8.2.jar;E:\repository\org\seleniumhq\selenium\selenium-api\2.53.1\selenium-api-2.53.1.jar;E:\repository\org\apache\httpcomponents\httpclient\4.5.3\httpclient-4.5.3.jar;E:\repository\org\apache\httpcomponents\httpcore\4.4.8\httpcore-4.4.8.jar;E:\repository\commons-codec\commons-codec\1.10\commons-codec-1.10.jar;E:\repository\com\google\guava\guava\19.0\guava-19.0.jar;E:\repository\net\java\dev\jna\jna\4.2.2\jna-4.2.2.jar;E:\repository\net\java\dev\jna\jna-platform\4.2.2\jna-platform-4.2.2.jar;E:\repository\commons-io\commons-io\2.4\commons-io-2.4.jar;E:\repository\org\apache\commons\commons-exec\1.3\commons-exec-1.3.jar;E:\repository\net\sourceforge\htmlunit\htmlunit\2.27\htmlunit-2.27.jar;E:\repository\xalan\xalan\2.7.2\xalan-2.7.2.jar;E:\repository\xalan\serializer\2.7.2\serializer-2.7.2.jar;E:\repository\org\apache\commons\commons-lang3\3.5\commons-lang3-3.5.jar;E:\repository\org\apache\httpcomponents\httpmime\4.5.3\httpmime-4.5.3.jar;E:\repository\net\sourceforge\htmlunit\htmlunit-core-js\2.27\htmlunit-core-js-2.27.jar;E:\repository\net\sourceforge\htmlunit\neko-htmlunit\2.27\neko-htmlunit-2.27.jar;E:\repository\xerces\xercesImpl\2.11.0\xercesImpl-2.11.0.jar;E:\repository\xml-apis\xml-apis\1.4.01\xml-apis-1.4.01.jar;E:\repository\net\sourceforge\cssparser\cssparser\0.9.23\cssparser-0.9.23.jar;E:\repository\org\w3c\css\sac\1.3\sac-1.3.jar;E:\repository\org\eclipse\jetty\websocket\websocket-client\9.4.7.v20170914\websocket-client-9.4.7.v20170914.jar;E:\repository\org\eclipse\jetty\jetty-client\9.4.7.v20170914\jetty-client-9.4.7.v20170914.jar;E:\repository\org\eclipse\jetty\jetty-http\9.4.7.v20170914\jetty-http-9.4.7.v20170914.jar;E:\repository\org\eclipse\jetty\jetty-xml\9.4.7.v20170914\jetty-xml-9.4.7.v20170914.jar;E:\repository\org\eclipse\jetty\jetty-util\9.4.7.v20170914\jetty-util-9.4.7.v20170914.jar;E:\repository\org\eclipse\jetty\jetty-io\9.4.7.v20170914\jetty-io-9.4.7.v20170914.jar;E:\repository\org\eclipse\jetty\websocket\websocket-common\9.4.7.v20170914\websocket-common-9.4.7.v20170914.jar;E:\repository\org\eclipse\jetty\websocket\websocket-api\9.4.7.v20170914\websocket-api-9.4.7.v20170914.jar;, java.specification.name=Java Platform API Specification, java.class.version=52.0, sun.management.compiler=HotSpot 64-Bit Tiered Compilers, jpda.listen=true, os.version=10.0, jpda.address=63168, user.home=C:\Users\MRB, user.timezone=Asia/Shanghai, java.awt.printerjob=sun.awt.windows.WPrinterJob, file.encoding=UTF-8, java.specification.version=1.8, java.class.path=F:\github\digger\target\test-classes;F:\github\digger\target\classes;E:\repository\org\springframework\boot\spring-boot-starter-data-jpa\1.5.9.RELEASE\spring-boot-starter-data-jpa-1.5.9.RELEASE.jar;E:\repository\org\springframework\boot\spring-boot-starter\1.5.9.RELEASE\spring-boot-starter-1.5.9.RELEASE.jar;E:\repository\org\springframework\boot\spring-boot\1.5.9.RELEASE\spring-boot-1.5.9.RELEASE.jar;E:\repository\org\springframework\boot\spring-boot-autoconfigure\1.5.9.RELEASE\spring-boot-autoconfigure-1.5.9.RELEASE.jar;E:\repository\org\springframework\boot\spring-boot-starter-logging\1.5.9.RELEASE\spring-boot-starter-logging-1.5.9.RELEASE.jar;E:\repository\ch\qos\logback\logback-classic\1.1.11\logback-classic-1.1.11.jar;E:\repository\ch\qos\logback\logback-core\1.1.11\logback-core-1.1.11.jar;E:\repository\org\slf4j\jul-to-slf4j\1.7.25\jul-to-slf4j-1.7.25.jar;E:\repository\org\slf4j\log4j-over-slf4j\1.7.25\log4j-over-slf4j-1.7.25.jar;E:\repository\org\yaml\snakeyaml\1.17\snakeyaml-1.17.jar;E:\repository\org\springframework\boot\spring-boot-starter-aop\1.5.9.RELEASE\spring-boot-starter-aop-1.5.9.RELEASE.jar;E:\repository\org\springframework\spring-aop\4.3.13.RELEASE\spring-aop-4.3.13.RELEASE.jar;E:\repository\org\aspectj\aspectjweaver\1.8.13\aspectjweaver-1.8.13.jar;E:\repository\org\springframework\boot\spring-boot-starter-jdbc\1.5.9.RELEASE\spring-boot-starter-jdbc-1.5.9.RELEASE.jar;E:\repository\org\apache\tomcat\tomcat-jdbc\8.5.23\tomcat-jdbc-8.5.23.jar;E:\repository\org\apache\tomcat\tomcat-juli\8.5.23\tomcat-juli-8.5.23.jar;E:\repository\org\springframework\spring-jdbc\4.3.13.RELEASE\spring-jdbc-4.3.13.RELEASE.jar;E:\repository\org\hibernate\hibernate-core\5.0.12.Final\hibernate-core-5.0.12.Final.jar;E:\repository\org\jboss\logging\jboss-logging\3.3.1.Final\jboss-logging-3.3.1.Final.jar;E:\repository\org\hibernate\javax\persistence\hibernate-jpa-2.1-api\1.0.0.Final\hibernate-jpa-2.1-api-1.0.0.Final.jar;E:\repository\org\javassist\javassist\3.21.0-GA\javassist-3.21.0-GA.jar;E:\repository\antlr\antlr\2.7.7\antlr-2.7.7.jar;E:\repository\org\jboss\jandex\2.0.0.Final\jandex-2.0.0.Final.jar;E:\repository\dom4j\dom4j\1.6.1\dom4j-1.6.1.jar;E:\repository\org\hibernate\common\hibernate-commons-annotations\5.0.1.Final\hibernate-commons-annotations-5.0.1.Final.jar;E:\repository\org\hibernate\hibernate-entitymanager\5.0.12.Final\hibernate-entitymanager-5.0.12.Final.jar;E:\repository\javax\transaction\javax.transaction-api\1.2\javax.transaction-api-1.2.jar;E:\repository\org\springframework\data\spring-data-jpa\1.11.9.RELEASE\spring-data-jpa-1.11.9.RELEASE.jar;E:\repository\org\springframework\data\spring-data-commons\1.13.9.RELEASE\spring-data-commons-1.13.9.RELEASE.jar;E:\repository\org\springframework\spring-orm\4.3.13.RELEASE\spring-orm-4.3.13.RELEASE.jar;E:\repository\org\springframework\spring-context\4.3.13.RELEASE\spring-context-4.3.13.RELEASE.jar;E:\repository\org\springframework\spring-tx\4.3.13.RELEASE\spring-tx-4.3.13.RELEASE.jar;E:\repository\org\springframework\spring-beans\4.3.13.RELEASE\spring-beans-4.3.13.RELEASE.jar;E:\repository\org\slf4j\slf4j-api\1.7.25\slf4j-api-1.7.25.jar;E:\repository\org\slf4j\jcl-over-slf4j\1.7.25\jcl-over-slf4j-1.7.25.jar;E:\repository\org\springframework\spring-aspects\4.3.13.RELEASE\spring-aspects-4.3.13.RELEASE.jar;E:\repository\org\springframework\boot\spring-boot-starter-web\1.5.9.RELEASE\spring-boot-starter-web-1.5.9.RELEASE.jar;E:\repository\org\springframework\boot\spring-boot-starter-tomcat\1.5.9.RELEASE\spring-boot-starter-tomcat-1.5.9.RELEASE.jar;E:\repository\org\apache\tomcat\embed\tomcat-embed-core\8.5.23\tomcat-embed-core-8.5.23.jar;E:\repository\org\apache\tomcat\tomcat-annotations-api\8.5.23\tomcat-annotations-api-8.5.23.jar;E:\repository\org\apache\tomcat\embed\tomcat-embed-el\8.5.23\tomcat-embed-el-8.5.23.jar;E:\repository\org\apache\tomcat\embed\tomcat-embed-websocket\8.5.23\tomcat-embed-websocket-8.5.23.jar;E:\repository\org\hibernate\hibernate-validator\5.3.6.Final\hibernate-validator-5.3.6.Final.jar;E:\repository\javax\validation\validation-api\1.1.0.Final\validation-api-1.1.0.Final.jar;E:\repository\com\fasterxml\classmate\1.3.4\classmate-1.3.4.jar;E:\repository\com\fasterxml\jackson\core\jackson-databind\2.8.10\jackson-databind-2.8.10.jar;E:\repository\com\fasterxml\jackson\core\jackson-annotations\2.8.0\jackson-annotations-2.8.0.jar;E:\repository\com\fasterxml\jackson\core\jackson-core\2.8.10\jackson-core-2.8.10.jar;E:\repository\org\springframework\spring-web\4.3.13.RELEASE\spring-web-4.3.13.RELEASE.jar;E:\repository\org\springframework\spring-webmvc\4.3.13.RELEASE\spring-webmvc-4.3.13.RELEASE.jar;E:\repository\org\springframework\spring-expression\4.3.13.RELEASE\spring-expression-4.3.13.RELEASE.jar;E:\repository\com\alibaba\druid\0.2.23\druid-0.2.23.jar;E:\repository\mysql\mysql-connector-java\5.1.44\mysql-connector-java-5.1.44.jar;E:\repository\org\springframework\boot\spring-boot-starter-test\1.5.9.RELEASE\spring-boot-starter-test-1.5.9.RELEASE.jar;E:\repository\org\springframework\boot\spring-boot-test\1.5.9.RELEASE\spring-boot-test-1.5.9.RELEASE.jar;E:\repository\org\springframework\boot\spring-boot-test-autoconfigure\1.5.9.RELEASE\spring-boot-test-autoconfigure-1.5.9.RELEASE.jar;E:\repository\com\jayway\jsonpath\json-path\2.2.0\json-path-2.2.0.jar;E:\repository\net\minidev\json-smart\2.2.1\json-smart-2.2.1.jar;E:\repository\net\minidev\accessors-smart\1.1\accessors-smart-1.1.jar;E:\repository\org\ow2\asm\asm\5.0.3\asm-5.0.3.jar;E:\repository\junit\junit\4.12\junit-4.12.jar;E:\repository\org\assertj\assertj-core\2.6.0\assertj-core-2.6.0.jar;E:\repository\org\mockito\mockito-core\1.10.19\mockito-core-1.10.19.jar;E:\repository\org\objenesis\objenesis\2.1\objenesis-2.1.jar;E:\repository\org\hamcrest\hamcrest-core\1.3\hamcrest-core-1.3.jar;E:\repository\org\hamcrest\hamcrest-library\1.3\hamcrest-library-1.3.jar;E:\repository\org\skyscreamer\jsonassert\1.4.0\jsonassert-1.4.0.jar;E:\repository\com\vaadin\external\google\android-json\0.0.20131108.vaadin1\android-json-0.0.20131108.vaadin1.jar;E:\repository\org\springframework\spring-core\4.3.13.RELEASE\spring-core-4.3.13.RELEASE.jar;E:\repository\org\springframework\spring-test\4.3.13.RELEASE\spring-test-4.3.13.RELEASE.jar;E:\repository\com\sun\jna\jna\3.0.9\jna-3.0.9.jar;E:\repository\com\squareup\okhttp3\okhttp\3.10.0\okhttp-3.10.0.jar;E:\repository\com\squareup\okio\okio\1.14.0\okio-1.14.0.jar;E:\repository\org\springframework\boot\spring-boot-starter-freemarker\1.5.12.RELEASE\spring-boot-starter-freemarker-1.5.12.RELEASE.jar;E:\repository\org\freemarker\freemarker\2.3.27-incubating\freemarker-2.3.27-incubating.jar;E:\repository\org\springframework\spring-context-support\4.3.13.RELEASE\spring-context-support-4.3.13.RELEASE.jar;E:\repository\org\projectlombok\lombok\1.16.18\lombok-1.16.18.jar;E:\repository\org\seleniumhq\selenium\selenium-firefox-driver\2.53.1\selenium-firefox-driver-2.53.1.jar;E:\repository\org\seleniumhq\selenium\selenium-remote-driver\2.53.1\selenium-remote-driver-2.53.1.jar;E:\repository\cglib\cglib-nodep\2.1_3\cglib-nodep-2.1_3.jar;E:\repository\com\google\code\gson\gson\2.8.2\gson-2.8.2.jar;E:\repository\org\seleniumhq\selenium\selenium-api\2.53.1\selenium-api-2.53.1.jar;E:\repository\org\apache\httpcomponents\httpclient\4.5.3\httpclient-4.5.3.jar;E:\repository\org\apache\httpcomponents\httpcore\4.4.8\httpcore-4.4.8.jar;E:\repository\commons-codec\commons-codec\1.10\commons-codec-1.10.jar;E:\repository\com\google\guava\guava\19.0\guava-19.0.jar;E:\repository\net\java\dev\jna\jna\4.2.2\jna-4.2.2.jar;E:\repository\net\java\dev\jna\jna-platform\4.2.2\jna-platform-4.2.2.jar;E:\repository\commons-io\commons-io\2.4\commons-io-2.4.jar;E:\repository\org\apache\commons\commons-exec\1.3\commons-exec-1.3.jar;E:\repository\net\sourceforge\htmlunit\htmlunit\2.27\htmlunit-2.27.jar;E:\repository\xalan\xalan\2.7.2\xalan-2.7.2.jar;E:\repository\xalan\serializer\2.7.2\serializer-2.7.2.jar;E:\repository\org\apache\commons\commons-lang3\3.5\commons-lang3-3.5.jar;E:\repository\org\apache\httpcomponents\httpmime\4.5.3\httpmime-4.5.3.jar;E:\repository\net\sourceforge\htmlunit\htmlunit-core-js\2.27\htmlunit-core-js-2.27.jar;E:\repository\net\sourceforge\htmlunit\neko-htmlunit\2.27\neko-htmlunit-2.27.jar;E:\repository\xerces\xercesImpl\2.11.0\xercesImpl-2.11.0.jar;E:\repository\xml-apis\xml-apis\1.4.01\xml-apis-1.4.01.jar;E:\repository\net\sourceforge\cssparser\cssparser\0.9.23\cssparser-0.9.23.jar;E:\repository\org\w3c\css\sac\1.3\sac-1.3.jar;E:\repository\org\eclipse\jetty\websocket\websocket-client\9.4.7.v20170914\websocket-client-9.4.7.v20170914.jar;E:\repository\org\eclipse\jetty\jetty-client\9.4.7.v20170914\jetty-client-9.4.7.v20170914.jar;E:\repository\org\eclipse\jetty\jetty-http\9.4.7.v20170914\jetty-http-9.4.7.v20170914.jar;E:\repository\org\eclipse\jetty\jetty-xml\9.4.7.v20170914\jetty-xml-9.4.7.v20170914.jar;E:\repository\org\eclipse\jetty\jetty-util\9.4.7.v20170914\jetty-util-9.4.7.v20170914.jar;E:\repository\org\eclipse\jetty\jetty-io\9.4.7.v20170914\jetty-io-9.4.7.v20170914.jar;E:\repository\org\eclipse\jetty\websocket\websocket-common\9.4.7.v20170914\websocket-common-9.4.7.v20170914.jar;E:\repository\org\eclipse\jetty\websocket\websocket-api\9.4.7.v20170914\websocket-api-9.4.7.v20170914.jar;, user.name=MRB, maven.surefire.debug=-Xdebug -Xrunjdwp:transport=dt_socket,server=n,address=63168, java.vm.specification.version=1.8, sun.java.command=F:\github\digger\target\surefire\surefirebooter7785238724491486682.jar F:\github\digger\target\surefire\surefire5245276897423271315tmp F:\github\digger\target\surefire\surefire_05543478463102638241tmp, java.home=C:\Program Files\Java\jdk1.8.0_131\jre, sun.arch.data.model=64, user.language=zh, java.specification.vendor=Oracle Corporation, awt.toolkit=sun.awt.windows.WToolkit, java.vm.info=mixed mode, java.version=1.8.0_131, java.ext.dirs=C:\Program Files\Java\jdk1.8.0_131\jre\lib\ext;C:\WINDOWS\Sun\Java\lib\ext, sun.boot.class.path=C:\Program Files\Java\jdk1.8.0_131\jre\lib\resources.jar;C:\Program Files\Java\jdk1.8.0_131\jre\lib\rt.jar;C:\Program Files\Java\jdk1.8.0_131\jre\lib\sunrsasign.jar;C:\Program Files\Java\jdk1.8.0_131\jre\lib\jsse.jar;C:\Program Files\Java\jdk1.8.0_131\jre\lib\jce.jar;C:\Program Files\Java\jdk1.8.0_131\jre\lib\charsets.jar;C:\Program Files\Java\jdk1.8.0_131\jre\lib\jfr.jar;C:\Program Files\Java\jdk1.8.0_131\jre\classes, java.vendor=Oracle Corporation, localRepository=E:\repository, file.separator=\, forkMode=once, java.vendor.url.bug=http://bugreport.sun.com/bugreport/, sun.io.unicode.encoding=UnicodeLittle, sun.cpu.endian=little, sun.desktop=windows, sun.cpu.isalist=amd64}}, SystemEnvironmentPropertySource@1928301845 {name='systemEnvironment', properties={PATH=C:\ProgramData\Oracle\Java\javapath;C:\Program Files\Java\jdk1.8.0_131/bin;E:\apache-maven-3.5.0/bin;C:\Program Files (x86)\Intel\iCLS Client\;C:\Program Files\Intel\iCLS Client\;C:\Windows\system32;C:\Windows;C:\Windows\System32\Wbem;C:\Windows\System32\WindowsPowerShell\v1.0\;C:\Program Files (x86)\NVIDIA Corporation\PhysX\Common;C:\Program Files (x86)\Intel\Intel(R) Management Engine Components\DAL;C:\Program Files\Intel\Intel(R) Management Engine Components\DAL;C:\Program Files (x86)\Intel\Intel(R) Management Engine Components\IPT;C:\Program Files\Intel\Intel(R) Management Engine Components\IPT;C:\Program Files\TortoiseSVN\bin;C:\WINDOWS\system32;C:\WINDOWS;C:\WINDOWS\System32\Wbem;C:\WINDOWS\System32\WindowsPowerShell\v1.0\;E:\zookeeper\zookeeper-3.4.11\bin;E:\zookeeper\zookeeper-3.4.11\conf;E:\apache-tomcat-7.0.79\bin;E:\apache-tomcat-7.0.79\lib;E:\glassfish4\glassfish\bin;E:\glassfish4\glassfish\lib;C:\Program Files\nodejs\;C:\Program Files\MySQL\MySQL Utilities 1.6\;C:\Program Files\Git\cmd;C:\Users\MRB\AppData\Local\Microsoft\WindowsApps;C:\Users\MRB\AppData\Roaming\npm, USERDOMAIN_ROAMINGPROFILE=DESKTOP-9EQJ4QP, PROCESSOR_LEVEL=6, SYSTEMDRIVE=C:, SESSIONNAME=Console, ALLUSERSPROFILE=C:\ProgramData, PROCESSOR_ARCHITECTURE=AMD64, MAVEN_HOME=E:\apache-maven-3.5.0\bin\.., NB_EXEC_MAVEN_PROCESS_UUID=e59c9de4-78ed-4522-a52b-6fbfbede094d, PROGRAMFILES=C:\Program Files, PSMODULEPATH=C:\Program Files\WindowsPowerShell\Modules;C:\WINDOWS\system32\WindowsPowerShell\v1.0\Modules, PROGRAMDATA=C:\ProgramData, USERNAME=MRB, WDIR=F:\, FPS_BROWSER_USER_PROFILE_STRING=Default, ONEDRIVE=C:\Users\MRB\OneDrive, PATHEXT=.COM;.EXE;.BAT;.CMD;.VBS;.VBE;.JS;.JSE;.WSF;.WSH;.MSC, CLASSWORLDS_JAR="E:\apache-maven-3.5.0\bin\..\boot\plexus-classworlds-2.5.2.jar", WINDIR=C:\WINDOWS, =F:=F:\github\digger, HOMEPATH=\Users\MRB, PROCESSOR_IDENTIFIER=Intel64 Family 6 Model 142 Stepping 9, GenuineIntel, M2_HOME=E:\apache-maven-3.5.0, PUBLIC=C:\Users\Public, =::=::\, ZOOKEEPER_HOME=E:\zookeeper\zookeeper-3.4.11, LOCALAPPDATA=C:\Users\MRB\AppData\Local, COMMONPROGRAMFILES(X86)=C:\Program Files (x86)\Common Files, USERDOMAIN=DESKTOP-9EQJ4QP, FPS_BROWSER_APP_PROFILE_STRING=Internet Explorer, LOGONSERVER=\\DESKTOP-9EQJ4QP, JAVA_HOME=C:\Program Files\Java\jdk1.8.0_131, PROMPT=$P$G, PROGRAMFILES(X86)=C:\Program Files (x86), GLASSFISH_HOME=E:\glassfish4\glassfish, ERROR_CODE=0, EXEC_DIR=F:\github\digger, APPDATA=C:\Users\MRB\AppData\Roaming, PROGRAMW6432=C:\Program Files, SYSTEMROOT=C:\WINDOWS, MAVEN_CMD_LINE_ARGS=-Dtest=com.mrb.digger.LoanTest#testTransaction -DforkMode=once -Dmaven.surefire.debug="-Xdebug -Xrunjdwp:transport=dt_socket,server=n,address=63168" -Djpda.listen=true -Djpda.address=63168 -Dmaven.ext.class.path="C:\Program Files\NetBeans 8.2\java\maven-nblib\netbeans-eventspy.jar" -Dfile.encoding=UTF-8 surefire:test, NETBEANSPROJECTMAPPINGS=, OS=Windows_NT, COMMONPROGRAMW6432=C:\Program Files\Common Files, COMPUTERNAME=DESKTOP-9EQJ4QP, COMMONPROGRAMFILES=C:\Program Files\Common Files, COMSPEC=C:\WINDOWS\system32\cmd.exe, CATALINA_HOME=E:\apache-tomcat-7.0.79, JAVACMD=C:\Program Files\Java\jdk1.8.0_131\bin\java.exe, MAVEN_PROJECTBASEDIR=F:\github\digger, PROCESSOR_REVISION=8e09, CLASSWORLDS_LAUNCHER=org.codehaus.plexus.classworlds.launcher.Launcher, TEMP=C:\Users\MRB\AppData\Local\Temp, HOMEDRIVE=C:, USERPROFILE=C:\Users\MRB, TMP=C:\Users\MRB\AppData\Local\Temp, NUMBER_OF_PROCESSORS=4, JVMCONFIG=\.mvn\jvm.config}}]
22:32:51.833 [main] DEBUG org.springframework.core.env.MutablePropertySources - Adding PropertySource 'inline' with highest search precedence
22:32:51.839 [main] DEBUG org.springframework.test.context.support.TestPropertySourceUtils - Adding inlined properties to environment: {spring.jmx.enabled=false, org.springframework.boot.test.context.SpringBootTestContextBootstrapper=true, server.port=-1}
22:32:51.839 [main] DEBUG org.springframework.core.env.StandardEnvironment - Adding PropertySource 'Inlined Test Properties' with highest search precedence

  .   ____          _            __ _ _
 /\\ / ___'_ __ _ _(_)_ __  __ _ \ \ \ \
( ( )\___ | '_ | '_| | '_ \/ _` | \ \ \ \
 \\/  ___)| |_)| | | | | || (_| |  ) ) ) )
  '  |____| .__|_| |_|_| |_\__, | / / / /
 =========|_|==============|___/=/_/_/_/
 :: Spring Boot ::        (v1.5.9.RELEASE)

2018-05-24 22:32:52.163  INFO 10268 --- [           main] com.mrb.digger.LoanTest                  : Starting LoanTest on DESKTOP-9EQJ4QP with PID 10268 (started by MRB in F:\github\digger)
2018-05-24 22:32:52.164  INFO 10268 --- [           main] com.mrb.digger.LoanTest                  : The following profiles are active: dev
2018-05-24 22:32:52.217  INFO 10268 --- [           main] o.s.w.c.s.GenericWebApplicationContext   : Refreshing org.springframework.web.context.support.GenericWebApplicationContext@56e8b606: startup date [Thu May 24 22:32:52 CST 2018]; root of context hierarchy
2018-05-24 22:32:54.560  INFO 10268 --- [           main] j.LocalContainerEntityManagerFactoryBean : Building JPA container EntityManagerFactory for persistence unit 'default'
2018-05-24 22:32:54.577  INFO 10268 --- [           main] o.hibernate.jpa.internal.util.LogHelper  : HHH000204: Processing PersistenceUnitInfo [
	name: default
	...]
2018-05-24 22:32:54.636  INFO 10268 --- [           main] org.hibernate.Version                    : HHH000412: Hibernate Core {5.0.12.Final}
2018-05-24 22:32:54.637  INFO 10268 --- [           main] org.hibernate.cfg.Environment            : HHH000206: hibernate.properties not found
2018-05-24 22:32:54.638  INFO 10268 --- [           main] org.hibernate.cfg.Environment            : HHH000021: Bytecode provider name : javassist
2018-05-24 22:32:54.680  INFO 10268 --- [           main] o.hibernate.annotations.common.Version   : HCANN000001: Hibernate Commons Annotations {5.0.1.Final}
2018-05-24 22:32:54.819  INFO 10268 --- [           main] org.hibernate.dialect.Dialect            : HHH000400: Using dialect: org.hibernate.dialect.MySQL5Dialect
2018-05-24 22:32:55.274  WARN 10268 --- [           main] org.hibernate.id.UUIDHexGenerator        : HHH000409: Using org.hibernate.id.UUIDHexGenerator which does not generate IETF RFC 4122 compliant UUID values; consider using org.hibernate.id.UUIDGenerator instead
2018-05-24 22:32:55.654  INFO 10268 --- [           main] j.LocalContainerEntityManagerFactoryBean : Initialized JPA EntityManagerFactory for persistence unit 'default'
2018-05-24 22:32:56.414  INFO 10268 --- [           main] o.h.h.i.QueryTranslatorFactoryInitiator  : HHH000397: Using ASTQueryTranslatorFactory
2018-05-24 22:32:57.237  INFO 10268 --- [           main] s.w.s.m.m.a.RequestMappingHandlerAdapter : Looking for @ControllerAdvice: org.springframework.web.context.support.GenericWebApplicationContext@56e8b606: startup date [Thu May 24 22:32:52 CST 2018]; root of context hierarchy
2018-05-24 22:32:57.381  INFO 10268 --- [           main] s.w.s.m.m.a.RequestMappingHandlerMapping : Mapped "{[/encrypt/encode]}" onto public java.lang.String com.mrb.digger.controller.EncryptController.encode(java.util.Map<java.lang.String, java.lang.Object>,java.lang.String) throws java.io.UnsupportedEncodingException
2018-05-24 22:32:57.382  INFO 10268 --- [           main] s.w.s.m.m.a.RequestMappingHandlerMapping : Mapped "{[/encrypt/encode1]}" onto public java.lang.String com.mrb.digger.controller.EncryptController.encode1()
2018-05-24 22:32:57.384  INFO 10268 --- [           main] s.w.s.m.m.a.RequestMappingHandlerMapping : Mapped "{[/error]}" onto public org.springframework.http.ResponseEntity<java.util.Map<java.lang.String, java.lang.Object>> org.springframework.boot.autoconfigure.web.BasicErrorController.error(javax.servlet.http.HttpServletRequest)
2018-05-24 22:32:57.385  INFO 10268 --- [           main] s.w.s.m.m.a.RequestMappingHandlerMapping : Mapped "{[/error],produces=[text/html]}" onto public org.springframework.web.servlet.ModelAndView org.springframework.boot.autoconfigure.web.BasicErrorController.errorHtml(javax.servlet.http.HttpServletRequest,javax.servlet.http.HttpServletResponse)
2018-05-24 22:32:57.432  INFO 10268 --- [           main] o.s.w.s.handler.SimpleUrlHandlerMapping  : Mapped URL path [/webjars/**] onto handler of type [class org.springframework.web.servlet.resource.ResourceHttpRequestHandler]
2018-05-24 22:32:57.433  INFO 10268 --- [           main] o.s.w.s.handler.SimpleUrlHandlerMapping  : Mapped URL path [/**] onto handler of type [class org.springframework.web.servlet.resource.ResourceHttpRequestHandler]
2018-05-24 22:32:57.491  INFO 10268 --- [           main] o.s.w.s.handler.SimpleUrlHandlerMapping  : Mapped URL path [/**/favicon.ico] onto handler of type [class org.springframework.web.servlet.resource.ResourceHttpRequestHandler]
2018-05-24 22:32:57.796  INFO 10268 --- [           main] o.s.w.s.v.f.FreeMarkerConfigurer         : ClassTemplateLoader for Spring macros added to FreeMarker configuration
2018-05-24 22:32:58.117  INFO 10268 --- [           main] com.mrb.digger.LoanTest                  : Started LoanTest in 6.268 seconds (JVM running for 7.134)
Hibernate: insert into TB_QQ_LOGIN (COOKIES, CREATE_DATE, EXPIRE_TIME, PASSWORD, UIN, UPDATE_DATE, ID) values (?, ?, ?, ?, ?, ?, ?)
Hibernate: insert into TB_QQ_LOGIN (COOKIES, CREATE_DATE, EXPIRE_TIME, PASSWORD, UIN, UPDATE_DATE, ID) values (?, ?, ?, ?, ?, ?, ?)
2018-05-24 22:32:58.272  WARN 10268 --- [           main] o.h.engine.jdbc.spi.SqlExceptionHelper   : SQL Error: 1062, SQLState: 23000
2018-05-24 22:32:58.272 ERROR 10268 --- [           main] o.h.engine.jdbc.spi.SqlExceptionHelper   : Duplicate entry '1795045875' for key 'uin_index'
2018-05-24 22:32:58.273  INFO 10268 --- [           main] o.h.e.j.b.internal.AbstractBatchImpl     : HHH000010: On release of batch it still contained JDBC statements
]]></system-out>
    <system-err><![CDATA[Thu May 24 22:32:54 CST 2018 WARN: Establishing SSL connection without server's identity verification is not recommended. According to MySQL 5.5.45+, 5.6.26+ and 5.7.6+ requirements SSL connection must be established by default if explicit option isn't set. For compliance with existing applications not using SSL the verifyServerCertificate property is set to 'false'. You need either to explicitly disable SSL by setting useSSL=false, or set useSSL=true and provide truststore for server certificate verification.
Thu May 24 22:32:54 CST 2018 WARN: Establishing SSL connection without server's identity verification is not recommended. According to MySQL 5.5.45+, 5.6.26+ and 5.7.6+ requirements SSL connection must be established by default if explicit option isn't set. For compliance with existing applications not using SSL the verifyServerCertificate property is set to 'false'. You need either to explicitly disable SSL by setting useSSL=false, or set useSSL=true and provide truststore for server certificate verification.
Thu May 24 22:32:54 CST 2018 WARN: Establishing SSL connection without server's identity verification is not recommended. According to MySQL 5.5.45+, 5.6.26+ and 5.7.6+ requirements SSL connection must be established by default if explicit option isn't set. For compliance with existing applications not using SSL the verifyServerCertificate property is set to 'false'. You need either to explicitly disable SSL by setting useSSL=false, or set useSSL=true and provide truststore for server certificate verification.
Thu May 24 22:32:54 CST 2018 WARN: Establishing SSL connection without server's identity verification is not recommended. According to MySQL 5.5.45+, 5.6.26+ and 5.7.6+ requirements SSL connection must be established by default if explicit option isn't set. For compliance with existing applications not using SSL the verifyServerCertificate property is set to 'false'. You need either to explicitly disable SSL by setting useSSL=false, or set useSSL=true and provide truststore for server certificate verification.
Thu May 24 22:32:54 CST 2018 WARN: Establishing SSL connection without server's identity verification is not recommended. According to MySQL 5.5.45+, 5.6.26+ and 5.7.6+ requirements SSL connection must be established by default if explicit option isn't set. For compliance with existing applications not using SSL the verifyServerCertificate property is set to 'false'. You need either to explicitly disable SSL by setting useSSL=false, or set useSSL=true and provide truststore for server certificate verification.
Thu May 24 22:32:54 CST 2018 WARN: Establishing SSL connection without server's identity verification is not recommended. According to MySQL 5.5.45+, 5.6.26+ and 5.7.6+ requirements SSL connection must be established by default if explicit option isn't set. For compliance with existing applications not using SSL the verifyServerCertificate property is set to 'false'. You need either to explicitly disable SSL by setting useSSL=false, or set useSSL=true and provide truststore for server certificate verification.
Thu May 24 22:32:54 CST 2018 WARN: Establishing SSL connection without server's identity verification is not recommended. According to MySQL 5.5.45+, 5.6.26+ and 5.7.6+ requirements SSL connection must be established by default if explicit option isn't set. For compliance with existing applications not using SSL the verifyServerCertificate property is set to 'false'. You need either to explicitly disable SSL by setting useSSL=false, or set useSSL=true and provide truststore for server certificate verification.
Thu May 24 22:32:54 CST 2018 WARN: Establishing SSL connection without server's identity verification is not recommended. According to MySQL 5.5.45+, 5.6.26+ and 5.7.6+ requirements SSL connection must be established by default if explicit option isn't set. For compliance with existing applications not using SSL the verifyServerCertificate property is set to 'false'. You need either to explicitly disable SSL by setting useSSL=false, or set useSSL=true and provide truststore for server certificate verification.
Thu May 24 22:32:54 CST 2018 WARN: Establishing SSL connection without server's identity verification is not recommended. According to MySQL 5.5.45+, 5.6.26+ and 5.7.6+ requirements SSL connection must be established by default if explicit option isn't set. For compliance with existing applications not using SSL the verifyServerCertificate property is set to 'false'. You need either to explicitly disable SSL by setting useSSL=false, or set useSSL=true and provide truststore for server certificate verification.
Thu May 24 22:32:54 CST 2018 WARN: Establishing SSL connection without server's identity verification is not recommended. According to MySQL 5.5.45+, 5.6.26+ and 5.7.6+ requirements SSL connection must be established by default if explicit option isn't set. For compliance with existing applications not using SSL the verifyServerCertificate property is set to 'false'. You need either to explicitly disable SSL by setting useSSL=false, or set useSSL=true and provide truststore for server certificate verification.
]]></system-err>
  </testcase>
=======
  <testcase name="testLogin" classname="com.mrb.digger.LoanTest" time="24.338"/>
>>>>>>> 3ef40c13aae5656805deed11932d394b41d8a762
</testsuite>